127.0.0.1 - - [30/Apr/2018:00:26:26 +0000] "GET / HTTP/1.1" 200 1281
127.0.0.1 - - [30/Apr/2018:00:26:26 +0000] "GET /bitnami.css HTTP/1.1" 200 798
127.0.0.1 - - [30/Apr/2018:00:26:27 +0000] "GET /img/tab1_welcome.png HTTP/1.1" 200 1009
127.0.0.1 - - [30/Apr/2018:00:26:27 +0000] "GET /img/bitnami.png?1186088387 HTTP/1.1" 200 3738
127.0.0.1 - - [30/Apr/2018:00:26:27 +0000] "GET /img/tab2_welcome.png HTTP/1.1" 200 1053
127.0.0.1 - - [30/Apr/2018:00:26:27 +0000] "GET /img/wampstack.png HTTP/1.1" 200 3774
127.0.0.1 - - [30/Apr/2018:00:26:27 +0000] "GET /img/tabs_bg.png HTTP/1.1" 200 214
127.0.0.1 - - [30/Apr/2018:00:26:27 +0000] "GET /favicon.ico HTTP/1.1" 200 1150
127.0.0.1 - - [30/Apr/2018:00:28:15 +0000] "GET /applications.html HTTP/1.1" 200 1115
127.0.0.1 - - [30/Apr/2018:00:28:15 +0000] "GET /img/tab1_applications.png HTTP/1.1" 200 954
127.0.0.1 - - [30/Apr/2018:00:28:15 +0000] "GET /img/tab2_applications.png HTTP/1.1" 200 1081
127.0.0.1 - - [30/Apr/2018:00:28:15 +0000] "GET /img/module_table_top.png HTTP/1.1" 200 337
127.0.0.1 - - [30/Apr/2018:00:28:15 +0000] "GET /img/module_table_bottom.png HTTP/1.1" 200 751
127.0.0.1 - - [30/Apr/2018:00:28:15 +0000] "GET /img/phpmyadmin-module.png HTTP/1.1" 200 2240
127.0.0.1 - - [30/Apr/2018:00:28:21 +0000] "GET /phpmyadmin/ HTTP/1.1" 200 3297
127.0.0.1 - - [30/Apr/2018:00:28:23 +0000] "GET /phpmyadmin/themes/pmahomme/jquery/jquery-ui.css HTTP/1.1" 200 8486
127.0.0.1 - - [30/Apr/2018:00:28:23 +0000] "GET /phpmyadmin/js/codemirror/addon/hint/show-hint.css?v=4.7.9 HTTP/1.1" 200 324
127.0.0.1 - - [30/Apr/2018:00:28:23 +0000] "GET /phpmyadmin/js/codemirror/addon/lint/lint.css?v=4.7.9 HTTP/1.1" 200 1267
127.0.0.1 - - [30/Apr/2018:00:28:23 +0000] "GET /phpmyadmin/js/codemirror/lib/codemirror.css?v=4.7.9 HTTP/1.1" 200 2452
127.0.0.1 - - [30/Apr/2018:00:28:23 +0000] "GET /phpmyadmin/themes/pmahomme/css/printview.css?v=4.7.9 HTTP/1.1" 200 1024
127.0.0.1 - - [30/Apr/2018:00:28:23 +0000] "GET /phpmyadmin/phpmyadmin.css.php?nocache=4565576865ltr&server=1 HTTP/1.1" 200 20133
127.0.0.1 - - [30/Apr/2018:00:28:23 +0000] "GET /phpmyadmin/js/get_scripts.js.php?scripts%5B%5D=jquery/jquery.ba-hashchange-1.3.js&scripts%5B%5D=jquery/jquery.debounce-1.0.5.js&scripts%5B%5D=menu-resizer.js&scripts%5B%5D=cross_framing_protection.js&scripts%5B%5D=rte.js&scripts%5B%5D=tracekit/tracekit.js&scripts%5B%5D=error_report.js&scripts%5B%5D=config.js&scripts%5B%5D=doclinks.js&scripts%5B%5D=functions.js&v=4.7.9 HTTP/1.1" 200 77066
127.0.0.1 - - [30/Apr/2018:00:28:23 +0000] "GET /phpmyadmin/js/get_scripts.js.php?scripts%5B%5D=codemirror/addon/lint/lint.js&scripts%5B%5D=codemirror/addon/lint/sql-lint.js&scripts%5B%5D=console.js&v=4.7.9 HTTP/1.1" 200 13176
127.0.0.1 - - [30/Apr/2018:00:28:23 +0000] "GET /phpmyadmin/js/get_scripts.js.php?scripts%5B%5D=navigation.js&scripts%5B%5D=indexes.js&scripts%5B%5D=common.js&scripts%5B%5D=page_settings.js&scripts%5B%5D=shortcuts_handler.js&scripts%5B%5D=codemirror/lib/codemirror.js&scripts%5B%5D=codemirror/mode/sql/sql.js&scripts%5B%5D=codemirror/addon/runmode/runmode.js&scripts%5B%5D=codemirror/addon/hint/show-hint.js&scripts%5B%5D=codemirror/addon/hint/sql-hint.js&v=4.7.9 HTTP/1.1" 200 135447
127.0.0.1 - - [30/Apr/2018:00:28:23 +0000] "GET /phpmyadmin/js/get_scripts.js.php?scripts%5B%5D=jquery/jquery.min.js&scripts%5B%5D=jquery/jquery-migrate-3.0.0.js&scripts%5B%5D=sprintf.js&scripts%5B%5D=ajax.js&scripts%5B%5D=keyhandler.js&scripts%5B%5D=jquery/jquery-ui.min.js&scripts%5B%5D=jquery/jquery.cookie.js&scripts%5B%5D=jquery/jquery.mousewheel.js&scripts%5B%5D=jquery/jquery.event.drag-2.2.js&scripts%5B%5D=jquery/jquery-ui-timepicker-addon.js&v=4.7.9 HTTP/1.1" 200 138971
127.0.0.1 - - [30/Apr/2018:00:28:23 +0000] "GET /phpmyadmin/js/whitelist.php?v=4.7.9&lang=en&collation_connection=utf8mb4_unicode_ci&token=9f3883628cae980020c77052690f9c72 HTTP/1.1" 200 475
127.0.0.1 - - [30/Apr/2018:00:28:23 +0000] "GET /phpmyadmin/js/get_image.js.php?theme=pmahomme&v=4.7.9&lang=en&collation_connection=utf8mb4_unicode_ci&token=9f3883628cae980020c77052690f9c72 HTTP/1.1" 200 1841
127.0.0.1 - - [30/Apr/2018:00:28:23 +0000] "GET /phpmyadmin/js/messages.php?l=en&v=4.7.9&lang=en&collation_connection=utf8mb4_unicode_ci&token=9f3883628cae980020c77052690f9c72 HTTP/1.1" 200 8692
127.0.0.1 - - [30/Apr/2018:00:28:24 +0000] "GET /phpmyadmin/themes/dot.gif HTTP/1.1" 200 43
127.0.0.1 - - [30/Apr/2018:00:28:24 +0000] "GET /phpmyadmin/themes/pmahomme/img/logo_right.png HTTP/1.1" 200 4306
127.0.0.1 - - [30/Apr/2018:00:28:24 +0000] "GET /phpmyadmin/favicon.ico HTTP/1.1" 200 22486
127.0.0.1 - - [30/Apr/2018:00:28:24 +0000] "GET /phpmyadmin/themes/pmahomme/img/sprites.png?v=4.7.9 HTTP/1.1" 200 14861
127.0.0.1 - - [30/Apr/2018:00:28:48 +0000] "POST /phpmyadmin/index.php HTTP/1.1" 302 25
127.0.0.1 - - [30/Apr/2018:00:28:53 +0000] "GET /phpmyadmin/phpmyadmin.css.php?nocache=6090624997ltr&server=1 HTTP/1.1" 200 20133
127.0.0.1 - - [30/Apr/2018:00:28:50 +0000] "GET /phpmyadmin/index.php?token=25dc243638b12c7a51788fef10b50fb6 HTTP/1.1" 200 13389
127.0.0.1 - - [30/Apr/2018:00:28:53 +0000] "GET /phpmyadmin/js/whitelist.php?v=4.7.9&token=25dc243638b12c7a51788fef10b50fb6 HTTP/1.1" 200 475
127.0.0.1 - - [30/Apr/2018:00:28:53 +0000] "GET /phpmyadmin/js/get_image.js.php?theme=pmahomme&v=4.7.9&token=25dc243638b12c7a51788fef10b50fb6 HTTP/1.1" 200 1841
127.0.0.1 - - [30/Apr/2018:00:28:53 +0000] "GET /phpmyadmin/js/messages.php?l=en&v=4.7.9&token=25dc243638b12c7a51788fef10b50fb6 HTTP/1.1" 200 8692
127.0.0.1 - - [30/Apr/2018:00:28:53 +0000] "GET /phpmyadmin/themes/pmahomme/img/logo_left.png HTTP/1.1" 200 2713
127.0.0.1 - - [30/Apr/2018:00:28:53 +0000] "GET /phpmyadmin/themes/pmahomme/img/s_collapseall.png HTTP/1.1" 200 143
127.0.0.1 - - [30/Apr/2018:00:28:54 +0000] "GET /phpmyadmin/themes/pmahomme/img/left_nav_bg.png HTTP/1.1" 200 146
127.0.0.1 - - [30/Apr/2018:00:28:53 +0000] "GET /phpmyadmin/themes/pmahomme/img/ajax_clock_small.gif HTTP/1.1" 200 1810
127.0.0.1 - - [30/Apr/2018:00:28:54 +0000] "POST /phpmyadmin/navigation.php?ajax_request=1&token=25dc243638b12c7a51788fef10b50fb6 HTTP/1.1" 200 2029
127.0.0.1 - - [30/Apr/2018:00:28:54 +0000] "POST /phpmyadmin/version_check.php HTTP/1.1" 200 66
127.0.0.1 - - [30/Apr/2018:00:29:09 +0000] "GET /phpmyadmin/server_databases.php?server=1&token=25dc243638b12c7a51788fef10b50fb6&ajax_request=true&ajax_page_request=true&_nocache=1525048149242860378 HTTP/1.1" 200 5928
127.0.0.1 - - [30/Apr/2018:00:29:11 +0000] "GET /phpmyadmin/themes/pmahomme/img/arrow_ltr.png HTTP/1.1" 200 101
127.0.0.1 - - [30/Apr/2018:00:29:11 +0000] "GET /phpmyadmin/js/get_scripts.js.php?scripts%5B%5D=server_databases.js&call_done=1&v=4.7.9&call_done=1&v=4.7.9 HTTP/1.1" 200 2210
127.0.0.1 - - [30/Apr/2018:00:29:20 +0000] "POST /phpmyadmin/server_databases.php HTTP/1.1" 200 1766
127.0.0.1 - - [30/Apr/2018:00:29:22 +0000] "POST /phpmyadmin/navigation.php?ajax_request=1&token=25dc243638b12c7a51788fef10b50fb6 HTTP/1.1" 200 2063
127.0.0.1 - - [30/Apr/2018:00:29:22 +0000] "GET /phpmyadmin/db_structure.php?db=sdev300&token=25dc243638b12c7a51788fef10b50fb6&db=sdev300&ajax_request=true&ajax_page_request=true&_nocache=1525048162330737008 HTTP/1.1" 200 2726
127.0.0.1 - - [30/Apr/2018:00:29:26 +0000] "GET /phpmyadmin/navigation.php?ajax_request=1&token=25dc243638b12c7a51788fef10b50fb6&aPath=cm9vdA%3D%3D.c2RldjMwMA%3D%3D&vPath=cm9vdA%3D%3D.c2RldjMwMA%3D%3D&pos=0&pos2_name=&pos2_value=&searchClause=&searchClause2=&_nocache=1525048166644590954 HTTP/1.1" 200 1413
127.0.0.1 - - [30/Apr/2018:00:29:26 +0000] "GET /phpmyadmin/js/get_scripts.js.php?scripts%5B%5D=db_structure.js&scripts%5B%5D=tbl_change.js&call_done=1&v=4.7.9&call_done=1&v=4.7.9 HTTP/1.1" 200 10913
127.0.0.1 - - [30/Apr/2018:00:29:31 +0000] "GET /phpmyadmin/db_sql.php?db=sdev300&token=25dc243638b12c7a51788fef10b50fb6&ajax_request=true&ajax_page_request=true&_nocache=1525048171912330804 HTTP/1.1" 200 4212
127.0.0.1 - - [30/Apr/2018:00:29:50 +0000] "GET /phpmyadmin/js/get_scripts.js.php?scripts%5B%5D=makegrid.js&scripts%5B%5D=jquery/jquery.uitablefilter.js&scripts%5B%5D=sql.js&call_done=1&v=4.7.9&call_done=1&v=4.7.9 HTTP/1.1" 200 28057
127.0.0.1 - - [30/Apr/2018:00:29:53 +0000] "GET /index.html HTTP/1.1" 200 1281
::1 - - [30/Apr/2018:00:35:47 +0000] "GET / HTTP/1.1" 200 1281
::1 - - [30/Apr/2018:00:35:47 +0000] "GET /bitnami.css HTTP/1.1" 200 798
::1 - - [30/Apr/2018:00:35:47 +0000] "GET /img/bitnami.png?1186088387 HTTP/1.1" 200 3738
::1 - - [30/Apr/2018:00:35:47 +0000] "GET /img/tabs_bg.png HTTP/1.1" 200 214
::1 - - [30/Apr/2018:00:35:47 +0000] "GET /img/tab1_welcome.png HTTP/1.1" 200 1009
::1 - - [30/Apr/2018:00:35:47 +0000] "GET /img/tab2_welcome.png HTTP/1.1" 200 1053
::1 - - [30/Apr/2018:00:35:47 +0000] "GET /img/wampstack.png HTTP/1.1" 200 3774
::1 - - [30/Apr/2018:00:35:47 +0000] "GET /favicon.ico HTTP/1.1" 200 1150
::1 - - [30/Apr/2018:00:42:29 +0000] "GET / HTTP/1.1" 200 1281
::1 - - [30/Apr/2018:00:42:29 +0000] "GET /bitnami.css HTTP/1.1" 200 798
::1 - - [30/Apr/2018:00:42:29 +0000] "GET /img/bitnami.png?1186088387 HTTP/1.1" 200 3738
::1 - - [30/Apr/2018:00:42:29 +0000] "GET /img/tabs_bg.png HTTP/1.1" 200 214
::1 - - [30/Apr/2018:00:42:29 +0000] "GET /img/tab2_welcome.png HTTP/1.1" 200 1053
::1 - - [30/Apr/2018:00:42:29 +0000] "GET /img/tab1_welcome.png HTTP/1.1" 200 1009
::1 - - [30/Apr/2018:00:42:29 +0000] "GET /img/wampstack.png HTTP/1.1" 200 3774
::1 - - [30/Apr/2018:00:42:36 +0000] "GET /Table1.php HTTP/1.1" 200 489
::1 - - [30/Apr/2018:00:42:37 +0000] "GET /image/Rectangle.PNG HTTP/1.1" 404 217
::1 - - [30/Apr/2018:00:42:37 +0000] "GET /image/RightAngleTriangle.PNG HTTP/1.1" 404 226
::1 - - [30/Apr/2018:00:42:37 +0000] "GET /image/Circle.PNG HTTP/1.1" 404 214
::1 - - [30/Apr/2018:00:42:37 +0000] "GET /image/Square.PNG HTTP/1.1" 404 214
::1 - - [30/Apr/2018:00:42:37 +0000] "GET /favicon.ico HTTP/1.1" 200 1150
::1 - - [30/Apr/2018:00:42:45 +0000] "GET /Table2.php HTTP/1.1" 200 1440
::1 - - [30/Apr/2018:00:44:01 +0000] "GET /Table2.php HTTP/1.1" 404 208
::1 - - [30/Apr/2018:00:44:10 +0000] "GET /SDEV300/Table1.php HTTP/1.1" 200 489
::1 - - [30/Apr/2018:00:44:10 +0000] "GET /SDEV300/image/Rectangle.PNG HTTP/1.1" 200 1564
::1 - - [30/Apr/2018:00:44:10 +0000] "GET /SDEV300/image/Circle.PNG HTTP/1.1" 200 13949
::1 - - [30/Apr/2018:00:44:10 +0000] "GET /SDEV300/image/RightAngleTriangle.PNG HTTP/1.1" 200 1580
::1 - - [30/Apr/2018:00:44:10 +0000] "GET /SDEV300/image/Square.PNG HTTP/1.1" 200 15000
::1 - - [30/Apr/2018:00:57:04 +0000] "GET /SDEV300/Table1.php HTTP/1.1" 404 216
::1 - - [30/Apr/2018:00:57:08 +0000] "GET / HTTP/1.1" 200 1281
::1 - - [30/Apr/2018:00:57:09 +0000] "GET /bitnami.css HTTP/1.1" 200 798
::1 - - [30/Apr/2018:00:57:09 +0000] "GET /img/tabs_bg.png HTTP/1.1" 200 214
::1 - - [30/Apr/2018:00:57:09 +0000] "GET /img/bitnami.png?1186088387 HTTP/1.1" 200 3738
::1 - - [30/Apr/2018:00:57:09 +0000] "GET /img/tab1_welcome.png HTTP/1.1" 200 1009
::1 - - [30/Apr/2018:00:57:09 +0000] "GET /img/tab2_welcome.png HTTP/1.1" 200 1053
::1 - - [30/Apr/2018:00:57:09 +0000] "GET /img/wampstack.png HTTP/1.1" 200 3774
::1 - - [30/Apr/2018:00:57:09 +0000] "GET /favicon.ico HTTP/1.1" 200 1150
::1 - - [30/Apr/2018:00:57:11 +0000] "GET /applications.html HTTP/1.1" 200 1115
::1 - - [30/Apr/2018:00:57:12 +0000] "GET /img/tab1_applications.png HTTP/1.1" 200 954
::1 - - [30/Apr/2018:00:57:12 +0000] "GET /img/tab2_applications.png HTTP/1.1" 200 1081
::1 - - [30/Apr/2018:00:57:12 +0000] "GET /img/module_table_top.png HTTP/1.1" 200 337
::1 - - [30/Apr/2018:00:57:12 +0000] "GET /img/phpmyadmin-module.png HTTP/1.1" 200 2240
::1 - - [30/Apr/2018:00:57:12 +0000] "GET /img/module_table_bottom.png HTTP/1.1" 200 751
::1 - - [15/Jun/2019:00:15:44 +0000] "GET /SDEV300/GetForm.html HTTP/1.1" 404 218
::1 - - [15/Jun/2019:00:15:44 +0000] "GET /favicon.ico HTTP/1.1" 304 -
::1 - - [15/Jun/2019:00:15:59 +0000] "GET /SDEV300/DemoGetForm.html HTTP/1.1" 200 238
::1 - - [15/Jun/2019:00:17:33 +0000] "GET /SDEV300/getSubmit.php?fname=Ben&lname=Brandhorst&mypass=1234 HTTP/1.1" 200 334
::1 - - [15/Jun/2019:00:20:12 +0000] "GET /SDEV300/DemoPostForm.html HTTP/1.1" 200 237
::1 - - [15/Jun/2019:00:20:26 +0000] "POST /SDEV300/postSubmit.php HTTP/1.1" 200 335
::1 - - [15/Jun/2019:00:23:45 +0000] "GET /SDEV300/DemoCookies.php HTTP/1.1" 200 306
::1 - - [15/Jun/2019:00:23:48 +0000] "POST /SDEV300/expireCookie.php HTTP/1.1" 200 138
::1 - - [15/Jun/2019:00:24:07 +0000] "GET /SDEV300/DemoCookies.php HTTP/1.1" 200 306
::1 - - [15/Jun/2019:00:24:10 +0000] "GET /SDEV300/DemoCookies.php HTTP/1.1" 200 304
::1 - - [15/Jun/2019:00:24:25 +0000] "POST /SDEV300/expireCookie.php HTTP/1.1" 200 138
::1 - - [15/Jun/2019:00:24:33 +0000] "GET /SDEV300/DemoCookies.php HTTP/1.1" 200 306
::1 - - [15/Jun/2019:00:28:17 +0000] "GET /SDEV300/DemoCookies.php HTTP/1.1" 200 304
::1 - - [15/Jun/2019:00:28:19 +0000] "POST /SDEV300/expireCookie.php HTTP/1.1" 200 138
::1 - - [15/Jun/2019:00:28:26 +0000] "GET /SDEV300/DemoCookies.php HTTP/1.1" 200 306
::1 - - [15/Jun/2019:00:28:30 +0000] "GET /SDEV300/DemoCookies.php HTTP/1.1" 200 304
::1 - - [15/Jun/2019:00:29:10 +0000] "GET /SDEV300/DemoCookies.php HTTP/1.1" 200 304
::1 - - [15/Jun/2019:00:29:15 +0000] "POST /SDEV300/expireCookie.php HTTP/1.1" 200 138
::1 - - [15/Jun/2019:00:29:20 +0000] "GET /SDEV300/DemoCookies.php HTTP/1.1" 200 306
::1 - - [15/Jun/2019:00:29:22 +0000] "GET /SDEV300/DemoCookies.php HTTP/1.1" 200 304
::1 - - [15/Jun/2019:00:29:48 +0000] "GET /SDEV300/DemoCookies.php HTTP/1.1" 200 304
::1 - - [15/Jun/2019:00:29:51 +0000] "GET /SDEV300/DemoCookies.php HTTP/1.1" 200 304
::1 - - [15/Jun/2019:00:30:25 +0000] "GET /SDEV300/DemoCookies.php HTTP/1.1" 200 306
::1 - - [15/Jun/2019:00:46:51 +0000] "GET /SDEV300/loginAuth.html HTTP/1.1" 200 401
::1 - - [15/Jun/2019:00:47:07 +0000] "POST /SDEV300/authcheck.php HTTP/1.1" 200 289
::1 - - [15/Jun/2019:00:47:32 +0000] "POST /SDEV300/logout.php HTTP/1.1" 200 220
::1 - - [15/Jun/2019:01:16:12 +0000] "GET /SDEV300/login.html HTTP/1.1" 200 518
::1 - - [15/Jun/2019:01:16:28 +0000] "GET /SDEV300/login.html HTTP/1.1" 200 518
::1 - - [15/Jun/2019:01:16:39 +0000] "GET /SDEV300/login.html HTTP/1.1" 200 517
::1 - - [15/Jun/2019:01:19:36 +0000] "GET /SDEV300/login.html HTTP/1.1" 200 517
::1 - - [15/Jun/2019:01:19:42 +0000] "GET /SDEV300/login.html HTTP/1.1" 200 517
::1 - - [15/Jun/2019:01:20:54 +0000] "GET /SDEV300/login.html HTTP/1.1" 200 526
::1 - - [15/Jun/2019:01:21:09 +0000] "GET /SDEV300/login.html HTTP/1.1" 200 526
::1 - - [15/Jun/2019:01:24:19 +0000] "GET /SDEV300/login.html HTTP/1.1" 200 526
::1 - - [15/Jun/2019:01:30:13 +0000] "GET /SDEV300/login.html HTTP/1.1" 200 499
::1 - - [15/Jun/2019:01:30:44 +0000] "GET /SDEV300/login.html HTTP/1.1" 200 499
::1 - - [15/Jun/2019:01:35:09 +0000] "GET /SDEV300/login.html HTTP/1.1" 200 520
::1 - - [15/Jun/2019:01:35:10 +0000] "GET /SDEV300/img/desert.jpg%22 HTTP/1.1" 404 226
::1 - - [15/Jun/2019:01:36:18 +0000] "GET /SDEV300/login.html HTTP/1.1" 200 531
::1 - - [15/Jun/2019:01:36:18 +0000] "GET /img/desert.jpg%22 HTTP/1.1" 403 229
::1 - - [15/Jun/2019:01:36:22 +0000] "GET /SDEV300/login.html HTTP/1.1" 200 531
::1 - - [15/Jun/2019:01:36:22 +0000] "GET /img/desert.jpg%22 HTTP/1.1" 403 229
::1 - - [15/Jun/2019:01:36:37 +0000] "GET /SDEV300/login.html HTTP/1.1" 200 531
::1 - - [15/Jun/2019:01:36:37 +0000] "GET /img/desert.jpg HTTP/1.1" 200 33511
::1 - - [15/Jun/2019:01:36:55 +0000] "GET /SDEV300/login.html HTTP/1.1" 200 527
::1 - - [15/Jun/2019:01:36:55 +0000] "GET /img/desert.jpg HTTP/1.1" 304 -
::1 - - [15/Jun/2019:01:36:57 +0000] "GET /SDEV300/login.html HTTP/1.1" 200 527
::1 - - [15/Jun/2019:01:36:57 +0000] "GET /img/desert.jpg HTTP/1.1" 200 33511
::1 - - [15/Jun/2019:01:37:44 +0000] "GET /SDEV300/login.html HTTP/1.1" 200 528
::1 - - [15/Jun/2019:01:37:44 +0000] "GET /img/desert.jpg HTTP/1.1" 304 -
::1 - - [15/Jun/2019:01:37:48 +0000] "GET /SDEV300/login.html HTTP/1.1" 200 528
::1 - - [15/Jun/2019:01:37:48 +0000] "GET /img/desert.jpg HTTP/1.1" 200 33511
::1 - - [15/Jun/2019:01:38:50 +0000] "GET /SDEV300/login.html HTTP/1.1" 200 524
::1 - - [15/Jun/2019:01:38:50 +0000] "GET /img/desert.jpg HTTP/1.1" 304 -
::1 - - [15/Jun/2019:01:41:08 +0000] "GET /SDEV300/login.html HTTP/1.1" 200 522
::1 - - [15/Jun/2019:01:41:08 +0000] "GET /img/desert.jpg HTTP/1.1" 304 -
::1 - - [15/Jun/2019:01:41:32 +0000] "GET /SDEV300/login.html HTTP/1.1" 200 522
::1 - - [15/Jun/2019:01:41:32 +0000] "GET /img/desert.jpg HTTP/1.1" 304 -
::1 - - [15/Jun/2019:01:43:46 +0000] "GET /SDEV300/login.html HTTP/1.1" 200 475
::1 - - [15/Jun/2019:01:43:46 +0000] "GET /img/desert.jpg HTTP/1.1" 304 -
::1 - - [15/Jun/2019:01:43:58 +0000] "GET /SDEV300/login.html HTTP/1.1" 200 475
::1 - - [15/Jun/2019:01:43:58 +0000] "GET /img/desert.jpg HTTP/1.1" 304 -
::1 - - [15/Jun/2019:01:44:00 +0000] "GET /SDEV300/login.html HTTP/1.1" 200 475
::1 - - [15/Jun/2019:01:44:00 +0000] "GET /img/desert.jpg HTTP/1.1" 304 -
::1 - - [15/Jun/2019:01:44:09 +0000] "GET /SDEV300/login.html HTTP/1.1" 200 475
::1 - - [15/Jun/2019:01:44:09 +0000] "GET /img/desert.jpg HTTP/1.1" 200 33511
::1 - - [15/Jun/2019:01:44:14 +0000] "GET /SDEV300/login.html HTTP/1.1" 200 475
::1 - - [15/Jun/2019:01:44:14 +0000] "GET /img/desert.jpg HTTP/1.1" 200 33511
::1 - - [15/Jun/2019:01:44:16 +0000] "GET /SDEV300/login.html HTTP/1.1" 200 475
::1 - - [15/Jun/2019:01:44:16 +0000] "GET /img/desert.jpg HTTP/1.1" 200 33511
::1 - - [15/Jun/2019:01:44:18 +0000] "GET /SDEV300/login.html HTTP/1.1" 200 475
::1 - - [15/Jun/2019:01:44:18 +0000] "GET /img/desert.jpg HTTP/1.1" 200 33511
::1 - - [15/Jun/2019:01:46:30 +0000] "GET /SDEV300/login.html HTTP/1.1" 200 474
::1 - - [15/Jun/2019:01:46:30 +0000] "GET /img/desert.jpg HTTP/1.1" 304 -
::1 - - [15/Jun/2019:01:54:00 +0000] "GET /SDEV300/login.html HTTP/1.1" 200 468
::1 - - [15/Jun/2019:01:54:00 +0000] "GET /img/desert.jpg HTTP/1.1" 304 -
::1 - - [15/Jun/2019:01:54:15 +0000] "POST /SDEV300/MainPage.php HTTP/1.1" 200 204
::1 - - [15/Jun/2019:01:54:22 +0000] "POST /SDEV300/MainPage.php HTTP/1.1" 200 204
::1 - - [15/Jun/2019:01:55:52 +0000] "POST /SDEV300/MainPage.php HTTP/1.1" 200 204
::1 - - [15/Jun/2019:02:43:53 +0000] "POST /SDEV300/MainPage.php HTTP/1.1" 200 204
::1 - - [15/Jun/2019:02:48:26 +0000] "POST /SDEV300/MainPage.php HTTP/1.1" 200 335
::1 - - [15/Jun/2019:02:49:15 +0000] "POST /SDEV300/MainPage.php HTTP/1.1" 200 335
::1 - - [15/Jun/2019:02:49:21 +0000] "POST /SDEV300/MainPage.php HTTP/1.1" 200 335
::1 - - [15/Jun/2019:02:49:24 +0000] "POST /SDEV300/MainPage.php HTTP/1.1" 200 335
::1 - - [15/Jun/2019:02:49:44 +0000] "GET /SDEV300/MainPage.php HTTP/1.1" 200 459
::1 - - [15/Jun/2019:02:49:48 +0000] "POST /SDEV300/logout.php HTTP/1.1" 200 220
::1 - - [15/Jun/2019:02:50:13 +0000] "POST /SDEV300/MainPage.php HTTP/1.1" 200 459
::1 - - [15/Jun/2019:02:50:24 +0000] "POST /SDEV300/MainPage.php HTTP/1.1" 200 459
::1 - - [15/Jun/2019:02:50:32 +0000] "POST /SDEV300/MainPage.php HTTP/1.1" 200 459
::1 - - [15/Jun/2019:02:50:51 +0000] "POST /SDEV300/MainPage.php HTTP/1.1" 200 454
::1 - - [15/Jun/2019:02:51:30 +0000] "POST /SDEV300/MainPage.php HTTP/1.1" 200 454
::1 - - [15/Jun/2019:02:51:48 +0000] "POST /SDEV300/MainPage.php HTTP/1.1" 200 454
::1 - - [15/Jun/2019:02:51:57 +0000] "POST /SDEV300/MainPage.php HTTP/1.1" 200 342
::1 - - [15/Jun/2019:02:53:29 +0000] "POST /SDEV300/MainPage.php HTTP/1.1" 200 342
::1 - - [15/Jun/2019:02:53:32 +0000] "POST /SDEV300/logout.php HTTP/1.1" 200 220
::1 - - [15/Jun/2019:02:55:43 +0000] "POST /SDEV300/MainPage.php HTTP/1.1" 200 342
::1 - - [15/Jun/2019:03:18:32 +0000] "POST /SDEV300/MainPage.php HTTP/1.1" 200 200
::1 - - [15/Jun/2019:03:19:28 +0000] "POST /SDEV300/MainPage.php HTTP/1.1" 200 200
::1 - - [15/Jun/2019:03:19:37 +0000] "POST /SDEV300/MainPage.php HTTP/1.1" 200 342
::1 - - [15/Jun/2019:03:23:21 +0000] "POST /SDEV300/logout.php HTTP/1.1" 200 220
::1 - - [15/Jun/2019:03:23:30 +0000] "POST /SDEV300/MainPage.php HTTP/1.1" 200 342
::1 - - [15/Jun/2019:03:25:40 +0000] "POST /SDEV300/MainPage.php HTTP/1.1" 200 342
::1 - - [15/Jun/2019:03:25:45 +0000] "POST /SDEV300/MainPage.php HTTP/1.1" 200 342
::1 - - [15/Jun/2019:03:26:31 +0000] "POST /SDEV300/MainPage.php HTTP/1.1" 200 342
::1 - - [15/Jun/2019:03:27:04 +0000] "POST /SDEV300/MainPage.php HTTP/1.1" 200 376
::1 - - [15/Jun/2019:03:27:17 +0000] "POST /SDEV300/LogIn.html HTTP/1.1" 200 468
::1 - - [15/Jun/2019:03:27:17 +0000] "GET /img/desert.jpg HTTP/1.1" 200 33511
::1 - - [15/Jun/2019:03:27:32 +0000] "POST /SDEV300/MainPage.php HTTP/1.1" 200 374
::1 - - [15/Jun/2019:03:29:56 +0000] "POST /SDEV300/MainPage.php HTTP/1.1" 200 374
::1 - - [15/Jun/2019:03:30:00 +0000] "POST /SDEV300/LogIn.html HTTP/1.1" 200 468
::1 - - [15/Jun/2019:21:34:50 +0000] "POST /SDEV300/LogIn.html HTTP/1.1" 200 468
::1 - - [15/Jun/2019:21:34:50 +0000] "GET /img/desert.jpg HTTP/1.1" 304 -
::1 - - [15/Jun/2019:21:35:35 +0000] "POST /SDEV300/MainPage.php HTTP/1.1" 200 376
::1 - - [15/Jun/2019:21:39:16 +0000] "POST /SDEV300/MainPage.php HTTP/1.1" 200 311
::1 - - [15/Jun/2019:21:39:45 +0000] "POST /SDEV300/MainPage.php HTTP/1.1" 200 311
::1 - - [15/Jun/2019:21:39:57 +0000] "POST /SDEV300/MainPage.php HTTP/1.1" 200 311
::1 - - [15/Jun/2019:21:40:16 +0000] "POST /SDEV300/MainPage.php HTTP/1.1" 200 311
::1 - - [15/Jun/2019:21:41:54 +0000] "POST /SDEV300/MainPage.php HTTP/1.1" 200 299
::1 - - [15/Jun/2019:21:43:59 +0000] "POST /SDEV300/MainPage.php HTTP/1.1" 200 403
::1 - - [15/Jun/2019:21:45:35 +0000] "POST /SDEV300/MainPage.php HTTP/1.1" 200 394
::1 - - [15/Jun/2019:21:55:54 +0000] "POST /SDEV300/MainPage.php HTTP/1.1" 200 430
::1 - - [15/Jun/2019:21:56:36 +0000] "POST /SDEV300/MainPage.php HTTP/1.1" 200 430
::1 - - [15/Jun/2019:21:56:46 +0000] "POST /SDEV300/MainPage.php HTTP/1.1" 200 430
::1 - - [15/Jun/2019:22:06:53 +0000] "POST /SDEV300/MainPage.php HTTP/1.1" 200 523
::1 - - [15/Jun/2019:22:07:37 +0000] "POST /SDEV300/MainPage.php HTTP/1.1" 200 523
::1 - - [15/Jun/2019:22:07:49 +0000] "POST /SDEV300/MainPage.php HTTP/1.1" 200 523
::1 - - [15/Jun/2019:22:08:08 +0000] "POST /SDEV300/MainPage.php HTTP/1.1" 200 527
::1 - - [15/Jun/2019:22:10:24 +0000] "POST /SDEV300/MainPage.php HTTP/1.1" 200 547
::1 - - [15/Jun/2019:22:12:03 +0000] "POST /SDEV300/MainPage.php HTTP/1.1" 200 571
::1 - - [15/Jun/2019:22:13:58 +0000] "POST /SDEV300/MainPage.php HTTP/1.1" 200 600
::1 - - [15/Jun/2019:22:19:10 +0000] "POST /SDEV300/MainPage.php HTTP/1.1" 200 636
::1 - - [15/Jun/2019:22:19:27 +0000] "POST /SDEV300/MainPage.php HTTP/1.1" 200 636
::1 - - [15/Jun/2019:22:20:09 +0000] "POST /SDEV300/MainPage.php HTTP/1.1" 200 636
::1 - - [15/Jun/2019:22:20:22 +0000] "POST /SDEV300/MainPage.php HTTP/1.1" 200 628
::1 - - [15/Jun/2019:22:20:47 +0000] "POST /SDEV300/MainPage.php HTTP/1.1" 200 628
::1 - - [15/Jun/2019:22:21:10 +0000] "POST /SDEV300/MainPage.php HTTP/1.1" 200 628
::1 - - [15/Jun/2019:22:21:27 +0000] "POST /SDEV300/MainPage.php HTTP/1.1" 200 625
::1 - - [15/Jun/2019:22:26:50 +0000] "POST /SDEV300/MainPage.php HTTP/1.1" 200 636
::1 - - [15/Jun/2019:22:27:41 +0000] "POST /SDEV300/MainPage.php HTTP/1.1" 200 636
::1 - - [15/Jun/2019:22:28:01 +0000] "POST /SDEV300/MainPage.php HTTP/1.1" 200 640
::1 - - [15/Jun/2019:22:30:30 +0000] "POST /SDEV300/MainPage.php HTTP/1.1" 200 691
::1 - - [15/Jun/2019:22:31:51 +0000] "POST /SDEV300/MainPage.php HTTP/1.1" 200 690
::1 - - [15/Jun/2019:22:32:40 +0000] "POST /SDEV300/MainPage.php HTTP/1.1" 200 690
::1 - - [15/Jun/2019:22:32:52 +0000] "POST /SDEV300/MainPage.php HTTP/1.1" 200 693
::1 - - [15/Jun/2019:22:33:26 +0000] "POST /SDEV300/MainPage.php HTTP/1.1" 200 693
::1 - - [15/Jun/2019:22:33:38 +0000] "POST /SDEV300/MainPage.php HTTP/1.1" 200 693
::1 - - [15/Jun/2019:22:33:52 +0000] "POST /SDEV300/MainPage.php HTTP/1.1" 200 693
::1 - - [15/Jun/2019:22:34:24 +0000] "POST /SDEV300/MainPage.php HTTP/1.1" 200 697
::1 - - [15/Jun/2019:22:35:31 +0000] "POST /SDEV300/MainPage.php HTTP/1.1" 200 698
::1 - - [15/Jun/2019:22:36:17 +0000] "POST /SDEV300/MainPage.php HTTP/1.1" 200 698
::1 - - [15/Jun/2019:22:36:35 +0000] "POST /SDEV300/MainPage.php HTTP/1.1" 200 702
::1 - - [15/Jun/2019:22:39:32 +0000] "POST /SDEV300/MainPage.php HTTP/1.1" 200 764
::1 - - [15/Jun/2019:22:42:21 +0000] "POST /SDEV300/MainPage.php HTTP/1.1" 200 772
::1 - - [15/Jun/2019:22:45:11 +0000] "POST /SDEV300/MainPage.php HTTP/1.1" 200 806
::1 - - [15/Jun/2019:22:49:57 +0000] "POST /SDEV300/MainPage.php HTTP/1.1" 200 899
::1 - - [15/Jun/2019:22:50:56 +0000] "POST /SDEV300/MainPage.php HTTP/1.1" 200 899
::1 - - [15/Jun/2019:22:52:07 +0000] "POST /SDEV300/MainPage.php HTTP/1.1" 200 900
::1 - - [15/Jun/2019:22:52:35 +0000] "GET /SDEV300/MainPage.php HTTP/1.1" 302 3121
::1 - - [15/Jun/2019:22:52:35 +0000] "GET /SDEV300/LogIn.html HTTP/1.1" 200 468
::1 - - [15/Jun/2019:22:52:52 +0000] "POST /SDEV300/MainPage.php HTTP/1.1" 200 897
::1 - - [15/Jun/2019:22:53:54 +0000] "POST /SDEV300/MainPage.php HTTP/1.1" 200 880
::1 - - [15/Jun/2019:22:55:16 +0000] "POST /SDEV300/MainPage.php HTTP/1.1" 200 874
::1 - - [15/Jun/2019:22:55:47 +0000] "POST /SDEV300/MainPage.php HTTP/1.1" 200 874
::1 - - [15/Jun/2019:23:02:26 +0000] "POST /SDEV300/MainPage.php HTTP/1.1" 200 902
::1 - - [15/Jun/2019:23:03:21 +0000] "POST /SDEV300/MainPage.php HTTP/1.1" 200 902
::1 - - [15/Jun/2019:23:03:25 +0000] "POST /SDEV300/Summary.php HTTP/1.1" 302 738
::1 - - [15/Jun/2019:23:03:25 +0000] "GET /SDEV300/LogIn.html HTTP/1.1" 200 468
::1 - - [15/Jun/2019:23:03:36 +0000] "POST /SDEV300/MainPage.php HTTP/1.1" 200 919
::1 - - [15/Jun/2019:23:04:22 +0000] "POST /SDEV300/MainPage.php HTTP/1.1" 200 919
::1 - - [15/Jun/2019:23:04:25 +0000] "POST /SDEV300/Summary.php HTTP/1.1" 302 738
::1 - - [15/Jun/2019:23:04:25 +0000] "GET /SDEV300/LogIn.html HTTP/1.1" 200 468
::1 - - [15/Jun/2019:23:04:31 +0000] "POST /SDEV300/MainPage.php HTTP/1.1" 200 919
::1 - - [15/Jun/2019:23:06:32 +0000] "POST /SDEV300/Summary.php HTTP/1.1" 302 738
::1 - - [15/Jun/2019:23:06:32 +0000] "GET /SDEV300/LogIn.html HTTP/1.1" 200 468
::1 - - [15/Jun/2019:23:06:38 +0000] "POST /SDEV300/MainPage.php HTTP/1.1" 200 919
::1 - - [15/Jun/2019:23:06:53 +0000] "POST /SDEV300/Summary.php HTTP/1.1" 302 738
::1 - - [15/Jun/2019:23:06:53 +0000] "GET /SDEV300/LogIn.html HTTP/1.1" 200 468
::1 - - [15/Jun/2019:23:07:02 +0000] "POST /SDEV300/MainPage.php HTTP/1.1" 200 919
::1 - - [15/Jun/2019:23:08:03 +0000] "POST /SDEV300/Summary.php HTTP/1.1" 302 738
::1 - - [15/Jun/2019:23:08:03 +0000] "GET /SDEV300/LogIn.html HTTP/1.1" 200 468
::1 - - [15/Jun/2019:23:09:04 +0000] "POST /SDEV300/MainPage.php HTTP/1.1" 200 919
::1 - - [15/Jun/2019:23:09:08 +0000] "POST /SDEV300/Summary.php HTTP/1.1" 200 343
::1 - - [15/Jun/2019:23:57:05 +0000] "POST /SDEV300/MainPage.php HTTP/1.1" 200 919
::1 - - [15/Jun/2019:23:58:38 +0000] "POST /SDEV300/Summary.php HTTP/1.1" 200 393
::1 - - [15/Jun/2019:23:58:46 +0000] "POST /SDEV300/MainPage.php HTTP/1.1" 200 919
::1 - - [16/Jun/2019:00:05:30 +0000] "POST /SDEV300/MainPage.php HTTP/1.1" 200 965
::1 - - [16/Jun/2019:00:06:06 +0000] "POST /SDEV300/MainPage.php HTTP/1.1" 200 965
::1 - - [16/Jun/2019:00:17:32 +0000] "POST /SDEV300/MainPage.php HTTP/1.1" 200 1036
::1 - - [16/Jun/2019:00:18:40 +0000] "POST /SDEV300/MainPage.php HTTP/1.1" 200 1035
::1 - - [16/Jun/2019:00:19:14 +0000] "POST /SDEV300/MainPage.php HTTP/1.1" 200 1035
::1 - - [16/Jun/2019:00:19:26 +0000] "POST /SDEV300/MainPage.php HTTP/1.1" 200 1035
::1 - - [16/Jun/2019:00:19:35 +0000] "POST /SDEV300/MainPage.php HTTP/1.1" 200 1035
::1 - - [16/Jun/2019:00:19:45 +0000] "POST /SDEV300/MainPage.php HTTP/1.1" 200 1027
::1 - - [16/Jun/2019:00:21:04 +0000] "POST /SDEV300/MainPage.php HTTP/1.1" 200 1023
::1 - - [16/Jun/2019:00:22:08 +0000] "POST /SDEV300/MainPage.php HTTP/1.1" 200 1030
::1 - - [16/Jun/2019:00:26:16 +0000] "POST /SDEV300/LogIn.html HTTP/1.1" 200 468
::1 - - [16/Jun/2019:00:26:16 +0000] "GET /img/desert.jpg HTTP/1.1" 200 33511
::1 - - [16/Jun/2019:00:26:30 +0000] "POST /SDEV300/MainPage.php HTTP/1.1" 200 1032
::1 - - [16/Jun/2019:00:33:04 +0000] "GET /SDEV300/login.html HTTP/1.1" 200 468
::1 - - [16/Jun/2019:00:33:19 +0000] "POST /SDEV300/MainPage.php HTTP/1.1" 200 1027
::1 - - [16/Jun/2019:00:35:20 +0000] "POST /SDEV300/LogOut.php HTTP/1.1" 200 220
::1 - - [16/Jun/2019:00:35:29 +0000] "POST /SDEV300/MainPage.php HTTP/1.1" 200 1027
::1 - - [16/Jun/2019:00:36:21 +0000] "POST /SDEV300/LogOut.php HTTP/1.1" 200 191
::1 - - [16/Jun/2019:00:36:30 +0000] "GET /SDEV300/LogOut.php HTTP/1.1" 302 285
::1 - - [16/Jun/2019:00:36:30 +0000] "GET /SDEV300/LogIn.html HTTP/1.1" 200 468
::1 - - [16/Jun/2019:00:37:05 +0000] "POST /SDEV300/MainPage.php HTTP/1.1" 200 1032
::1 - - [16/Jun/2019:00:37:07 +0000] "POST /SDEV300/LogOut.php HTTP/1.1" 200 191
::1 - - [16/Jun/2019:00:37:47 +0000] "GET /SDEV300/LogIn.html HTTP/1.1" 200 468
::1 - - [16/Jun/2019:00:37:47 +0000] "GET /img/desert.jpg HTTP/1.1" 200 33511
::1 - - [16/Jun/2019:00:37:47 +0000] "GET /favicon.ico HTTP/1.1" 200 1150
::1 - - [16/Jun/2019:00:40:07 +0000] "POST /SDEV300/LogOut.php HTTP/1.1" 302 285
::1 - - [16/Jun/2019:00:40:07 +0000] "GET /SDEV300/LogIn.html HTTP/1.1" 200 468
::1 - - [16/Jun/2019:00:40:07 +0000] "GET /img/desert.jpg HTTP/1.1" 304 -
::1 - - [16/Jun/2019:00:40:18 +0000] "POST /SDEV300/MainPage.php HTTP/1.1" 200 1027
::1 - - [16/Jun/2019:00:40:26 +0000] "POST /SDEV300/LogOut.php HTTP/1.1" 200 190
::1 - - [16/Jun/2019:00:41:18 +0000] "POST /SDEV300/MainPage.php HTTP/1.1" 200 1027
::1 - - [16/Jun/2019:00:41:20 +0000] "POST /SDEV300/LogOut.php HTTP/1.1" 200 194
::1 - - [16/Jun/2019:00:42:29 +0000] "POST /SDEV300/LogOut.php HTTP/1.1" 302 346
::1 - - [16/Jun/2019:00:42:29 +0000] "GET /SDEV300/LogIn.html HTTP/1.1" 200 468
::1 - - [16/Jun/2019:00:42:29 +0000] "GET /img/desert.jpg HTTP/1.1" 304 -
::1 - - [16/Jun/2019:00:42:36 +0000] "POST /SDEV300/MainPage.php HTTP/1.1" 200 1027
::1 - - [16/Jun/2019:00:42:38 +0000] "POST /SDEV300/LogOut.php HTTP/1.1" 200 234
::1 - - [16/Jun/2019:00:46:49 +0000] "POST /SDEV300/LogOut.php HTTP/1.1" 302 495
::1 - - [16/Jun/2019:00:46:49 +0000] "GET /SDEV300/LogIn.html HTTP/1.1" 200 468
::1 - - [16/Jun/2019:00:46:49 +0000] "GET /img/desert.jpg HTTP/1.1" 304 -
::1 - - [16/Jun/2019:00:46:56 +0000] "POST /SDEV300/MainPage.php HTTP/1.1" 200 1027
::1 - - [16/Jun/2019:00:46:58 +0000] "POST /SDEV300/LogOut.php HTTP/1.1" 200 315
::1 - - [16/Jun/2019:00:48:18 +0000] "POST /SDEV300/MainPage.php HTTP/1.1" 200 1027
::1 - - [16/Jun/2019:00:48:20 +0000] "POST /SDEV300/LogOut.php HTTP/1.1" 200 508
::1 - - [16/Jun/2019:00:48:43 +0000] "POST /SDEV300/MainPage.php HTTP/1.1" 200 1027
::1 - - [16/Jun/2019:00:48:45 +0000] "POST /SDEV300/LogOut.php HTTP/1.1" 200 508
::1 - - [16/Jun/2019:00:49:01 +0000] "POST /SDEV300/MainPage.php HTTP/1.1" 200 1027
::1 - - [16/Jun/2019:00:49:02 +0000] "POST /SDEV300/LogOut.php HTTP/1.1" 200 508
::1 - - [16/Jun/2019:00:49:04 +0000] "POST /SDEV300/LogIn.html HTTP/1.1" 200 468
::1 - - [16/Jun/2019:00:49:09 +0000] "POST /SDEV300/LogOut.php HTTP/1.1" 302 856
::1 - - [16/Jun/2019:00:49:09 +0000] "GET /SDEV300/LogIn.html HTTP/1.1" 200 468
::1 - - [16/Jun/2019:00:49:09 +0000] "GET /img/desert.jpg HTTP/1.1" 304 -
::1 - - [16/Jun/2019:00:49:16 +0000] "POST /SDEV300/MainPage.php HTTP/1.1" 200 1027
::1 - - [16/Jun/2019:00:49:53 +0000] "POST /SDEV300/LogOut.php HTTP/1.1" 200 514
::1 - - [16/Jun/2019:00:51:39 +0000] "POST /SDEV300/MainPage.php HTTP/1.1" 200 1027
::1 - - [16/Jun/2019:00:51:46 +0000] "POST /SDEV300/LogOut.php HTTP/1.1" 200 462
::1 - - [16/Jun/2019:00:51:53 +0000] "POST /SDEV300/LogIn.html HTTP/1.1" 200 468
::1 - - [16/Jun/2019:00:52:06 +0000] "POST /SDEV300/MainPage.php HTTP/1.1" 200 1030
::1 - - [16/Jun/2019:00:52:09 +0000] "POST /SDEV300/Summary.php HTTP/1.1" 302 887
::1 - - [16/Jun/2019:00:52:09 +0000] "GET /SDEV300/LogIn.html HTTP/1.1" 200 468
::1 - - [16/Jun/2019:00:53:53 +0000] "POST /SDEV300/MainPage.php HTTP/1.1" 200 1030
::1 - - [16/Jun/2019:00:53:56 +0000] "POST /SDEV300/Summary.php HTTP/1.1" 200 483
::1 - - [16/Jun/2019:01:14:36 +0000] "POST /SDEV300/MainPage.php HTTP/1.1" 200 1030
::1 - - [16/Jun/2019:01:16:55 +0000] "POST /SDEV300/Summary.php HTTP/1.1" 200 510
::1 - - [16/Jun/2019:01:20:02 +0000] "POST /SDEV300/Summary.php HTTP/1.1" 302 951
::1 - - [16/Jun/2019:01:20:02 +0000] "GET /SDEV300/LogIn.html HTTP/1.1" 200 468
::1 - - [16/Jun/2019:01:20:02 +0000] "GET /img/desert.jpg HTTP/1.1" 304 -
::1 - - [16/Jun/2019:01:20:13 +0000] "POST /SDEV300/MainPage.php HTTP/1.1" 200 1030
::1 - - [16/Jun/2019:01:20:16 +0000] "POST /SDEV300/Summary.php HTTP/1.1" 302 951
::1 - - [16/Jun/2019:01:20:16 +0000] "GET /SDEV300/LogIn.html HTTP/1.1" 200 468
::1 - - [16/Jun/2019:01:20:41 +0000] "POST /SDEV300/MainPage.php HTTP/1.1" 200 1030
::1 - - [16/Jun/2019:01:20:44 +0000] "POST /SDEV300/Summary.php HTTP/1.1" 302 951
::1 - - [16/Jun/2019:01:20:44 +0000] "GET /SDEV300/LogIn.html HTTP/1.1" 200 468
::1 - - [16/Jun/2019:01:22:28 +0000] "POST /SDEV300/MainPage.php HTTP/1.1" 200 1030
::1 - - [16/Jun/2019:01:22:40 +0000] "POST /SDEV300/Summary.php HTTP/1.1" 302 951
::1 - - [16/Jun/2019:01:22:40 +0000] "GET /SDEV300/LogIn.html HTTP/1.1" 200 468
::1 - - [16/Jun/2019:01:23:57 +0000] "POST /SDEV300/MainPage.php HTTP/1.1" 200 1030
::1 - - [16/Jun/2019:01:24:00 +0000] "POST /SDEV300/Summary.php HTTP/1.1" 302 951
::1 - - [16/Jun/2019:01:24:00 +0000] "GET /SDEV300/LogIn.html HTTP/1.1" 200 468
::1 - - [16/Jun/2019:01:24:05 +0000] "POST /SDEV300/MainPage.php HTTP/1.1" 200 1030
::1 - - [16/Jun/2019:01:24:49 +0000] "POST /SDEV300/Summary.php HTTP/1.1" 302 951
::1 - - [16/Jun/2019:01:24:49 +0000] "GET /SDEV300/LogIn.html HTTP/1.1" 200 468
::1 - - [16/Jun/2019:01:25:00 +0000] "POST /SDEV300/MainPage.php HTTP/1.1" 200 1030
::1 - - [16/Jun/2019:01:25:03 +0000] "POST /SDEV300/Summary.php HTTP/1.1" 200 510
::1 - - [16/Jun/2019:01:26:36 +0000] "POST /SDEV300/Summary.php HTTP/1.1" 200 510
::1 - - [16/Jun/2019:01:27:21 +0000] "POST /SDEV300/Summary.php HTTP/1.1" 200 510
::1 - - [16/Jun/2019:01:27:24 +0000] "POST /SDEV300/Summary.php HTTP/1.1" 200 510
::1 - - [16/Jun/2019:01:27:45 +0000] "POST /SDEV300/Summary.php HTTP/1.1" 200 515
::1 - - [16/Jun/2019:01:27:47 +0000] "GET / HTTP/1.1" 200 1281
::1 - - [16/Jun/2019:01:27:47 +0000] "GET /bitnami.css HTTP/1.1" 200 798
::1 - - [16/Jun/2019:01:27:47 +0000] "GET /img/tabs_bg.png HTTP/1.1" 200 214
::1 - - [16/Jun/2019:01:27:47 +0000] "GET /img/bitnami.png?1186088387 HTTP/1.1" 200 3738
::1 - - [16/Jun/2019:01:27:47 +0000] "GET /img/tab2_welcome.png HTTP/1.1" 200 1053
::1 - - [16/Jun/2019:01:27:47 +0000] "GET /img/tab1_welcome.png HTTP/1.1" 200 1009
::1 - - [16/Jun/2019:01:27:47 +0000] "GET /img/wampstack.png HTTP/1.1" 200 3774
::1 - - [16/Jun/2019:01:27:47 +0000] "GET /favicon.ico HTTP/1.1" 200 1150
::1 - - [16/Jun/2019:01:28:15 +0000] "POST /SDEV300/Summary.php HTTP/1.1" 200 515
::1 - - [16/Jun/2019:01:28:34 +0000] "POST /SDEV300/Summary.php HTTP/1.1" 200 515
::1 - - [16/Jun/2019:01:29:32 +0000] "POST /SDEV300/Summary.php HTTP/1.1" 200 517
::1 - - [16/Jun/2019:01:30:04 +0000] "POST /SDEV300/Summary.php HTTP/1.1" 200 517
::1 - - [16/Jun/2019:01:30:08 +0000] "POST /SDEV300/Summary.php HTTP/1.1" 200 517
::1 - - [16/Jun/2019:01:30:16 +0000] "POST /SDEV300/Summary.php HTTP/1.1" 200 517
::1 - - [16/Jun/2019:01:30:25 +0000] "POST /SDEV300/Summary.php HTTP/1.1" 200 517
::1 - - [16/Jun/2019:01:30:28 +0000] "POST /SDEV300/Summary.php HTTP/1.1" 200 517
::1 - - [16/Jun/2019:01:30:38 +0000] "POST /SDEV300/Summary.php HTTP/1.1" 200 515
::1 - - [16/Jun/2019:01:35:42 +0000] "POST /SDEV300/Summary.php HTTP/1.1" 200 921
::1 - - [16/Jun/2019:01:37:06 +0000] "POST /SDEV300/MainPage.php HTTP/1.1" 200 1030
::1 - - [16/Jun/2019:01:37:57 +0000] "POST /SDEV300/Summary.php HTTP/1.1" 200 922
::1 - - [16/Jun/2019:01:38:29 +0000] "POST /SDEV300/Summary.php HTTP/1.1" 200 922
::1 - - [16/Jun/2019:01:38:38 +0000] "POST /SDEV300/Summary.php HTTP/1.1" 200 922
::1 - - [16/Jun/2019:01:38:49 +0000] "POST /SDEV300/Summary.php HTTP/1.1" 200 922
::1 - - [16/Jun/2019:01:38:52 +0000] "POST /SDEV300/Summary.php HTTP/1.1" 200 922
::1 - - [16/Jun/2019:01:38:58 +0000] "POST /SDEV300/Summary.php HTTP/1.1" 200 920
::1 - - [16/Jun/2019:01:38:58 +0000] "GET /favicon.ico HTTP/1.1" 200 1150
::1 - - [16/Jun/2019:01:39:06 +0000] "POST /SDEV300/MainPage.php HTTP/1.1" 200 1030
::1 - - [16/Jun/2019:01:39:14 +0000] "POST /SDEV300/Summary.php HTTP/1.1" 200 920
::1 - - [16/Jun/2019:01:43:52 +0000] "POST /SDEV300/MainPage.php HTTP/1.1" 200 1049
::1 - - [16/Jun/2019:01:44:01 +0000] "POST /SDEV300/Summary.php HTTP/1.1" 200 924
::1 - - [16/Jun/2019:01:47:20 +0000] "POST /SDEV300/Summary.php HTTP/1.1" 200 947
::1 - - [16/Jun/2019:01:47:41 +0000] "POST /SDEV300/MainPage.php HTTP/1.1" 200 1049
::1 - - [16/Jun/2019:01:48:14 +0000] "POST /SDEV300/Summary.php HTTP/1.1" 200 944
::1 - - [16/Jun/2019:01:48:22 +0000] "POST /SDEV300/Summary.php HTTP/1.1" 200 951
::1 - - [16/Jun/2019:01:49:09 +0000] "POST /SDEV300/Summary.php HTTP/1.1" 200 951
::1 - - [16/Jun/2019:01:49:22 +0000] "POST /SDEV300/Summary.php HTTP/1.1" 200 951
::1 - - [16/Jun/2019:01:49:33 +0000] "POST /SDEV300/Summary.php HTTP/1.1" 200 952
::1 - - [16/Jun/2019:01:50:14 +0000] "POST /SDEV300/Summary.php HTTP/1.1" 200 952
::1 - - [16/Jun/2019:01:50:39 +0000] "POST /SDEV300/Summary.php HTTP/1.1" 200 949
::1 - - [16/Jun/2019:01:51:18 +0000] "POST /SDEV300/LogIn.html HTTP/1.1" 200 468
::1 - - [16/Jun/2019:01:51:28 +0000] "POST /SDEV300/MainPage.php HTTP/1.1" 200 1049
::1 - - [16/Jun/2019:01:51:42 +0000] "POST /SDEV300/Summary.php HTTP/1.1" 200 948
::1 - - [16/Jun/2019:01:52:58 +0000] "POST /SDEV300/Summary.php HTTP/1.1" 200 948
::1 - - [16/Jun/2019:01:54:04 +0000] "POST /SDEV300/Summary.php HTTP/1.1" 200 953
::1 - - [16/Jun/2019:01:54:40 +0000] "POST /SDEV300/Summary.php HTTP/1.1" 200 953
::1 - - [16/Jun/2019:01:54:44 +0000] "POST /SDEV300/Summary.php HTTP/1.1" 200 953
::1 - - [16/Jun/2019:01:54:58 +0000] "POST /SDEV300/Summary.php HTTP/1.1" 200 953
::1 - - [16/Jun/2019:01:57:42 +0000] "POST /SDEV300/Summary.php HTTP/1.1" 200 895
::1 - - [16/Jun/2019:01:59:21 +0000] "POST /SDEV300/Summary.php HTTP/1.1" 200 904
::1 - - [16/Jun/2019:02:03:02 +0000] "POST /SDEV300/Summary.php HTTP/1.1" 200 904
::1 - - [16/Jun/2019:02:03:24 +0000] "POST /SDEV300/Summary.php HTTP/1.1" 200 904
::1 - - [16/Jun/2019:02:03:31 +0000] "POST /SDEV300/Summary.php HTTP/1.1" 200 904
::1 - - [16/Jun/2019:02:04:14 +0000] "POST /SDEV300/Summary.php HTTP/1.1" 200 904
::1 - - [16/Jun/2019:02:05:07 +0000] "POST /SDEV300/Summary.php HTTP/1.1" 200 904
::1 - - [16/Jun/2019:02:08:48 +0000] "POST /SDEV300/Summary.php HTTP/1.1" 200 901
::1 - - [16/Jun/2019:02:10:48 +0000] "POST /SDEV300/Summary.php HTTP/1.1" 200 880
::1 - - [16/Jun/2019:02:15:02 +0000] "POST /SDEV300/Summary.php HTTP/1.1" 200 942
::1 - - [16/Jun/2019:02:17:00 +0000] "POST /SDEV300/Summary.php HTTP/1.1" 200 997
::1 - - [16/Jun/2019:02:17:31 +0000] "POST /SDEV300/Summary.php HTTP/1.1" 200 997
::1 - - [16/Jun/2019:02:18:38 +0000] "POST /SDEV300/Summary.php HTTP/1.1" 200 1042
::1 - - [16/Jun/2019:02:19:14 +0000] "POST /SDEV300/Summary.php HTTP/1.1" 200 1041
::1 - - [16/Jun/2019:02:19:19 +0000] "POST /SDEV300/Summary.php HTTP/1.1" 200 1041
::1 - - [16/Jun/2019:02:20:51 +0000] "POST /SDEV300/Summary.php HTTP/1.1" 200 1086
::1 - - [16/Jun/2019:02:23:02 +0000] "POST /SDEV300/Summary.php HTTP/1.1" 200 1117
::1 - - [16/Jun/2019:02:25:01 +0000] "POST /SDEV300/Summary.php HTTP/1.1" 200 1210
::1 - - [16/Jun/2019:02:27:44 +0000] "POST /SDEV300/Summary.php HTTP/1.1" 200 1274
::1 - - [16/Jun/2019:02:28:52 +0000] "POST /SDEV300/Summary.php HTTP/1.1" 200 1296
::1 - - [16/Jun/2019:02:30:13 +0000] "POST /SDEV300/Summary.php HTTP/1.1" 200 1328
::1 - - [16/Jun/2019:02:30:23 +0000] "POST /SDEV300/MainPage.php HTTP/1.1" 200 1049
::1 - - [16/Jun/2019:02:32:15 +0000] "POST /SDEV300/Summary.php HTTP/1.1" 200 1452
::1 - - [16/Jun/2019:02:32:33 +0000] "POST /SDEV300/MainPage.php HTTP/1.1" 200 1049
::1 - - [16/Jun/2019:02:34:12 +0000] "POST /SDEV300/MainPage.php HTTP/1.1" 200 1049
::1 - - [16/Jun/2019:02:34:45 +0000] "POST /SDEV300/Summary.php HTTP/1.1" 200 1391
::1 - - [16/Jun/2019:02:36:19 +0000] "POST /SDEV300/MainPage.php HTTP/1.1" 200 1049
::1 - - [16/Jun/2019:02:36:59 +0000] "POST /SDEV300/Summary.php HTTP/1.1" 200 1797
::1 - - [16/Jun/2019:03:31:12 +0000] "POST /SDEV300/LogIn.html HTTP/1.1" 200 468
::1 - - [16/Jun/2019:03:31:26 +0000] "POST /SDEV300/MainPage.php HTTP/1.1" 200 1047
::1 - - [16/Jun/2019:03:32:31 +0000] "POST /SDEV300/LogOut.php HTTP/1.1" 200 462
::1 - - [16/Jun/2019:03:32:33 +0000] "POST /SDEV300/LogIn.html HTTP/1.1" 200 468
::1 - - [16/Jun/2019:03:32:43 +0000] "POST /SDEV300/MainPage.php HTTP/1.1" 200 1047
::1 - - [16/Jun/2019:03:34:18 +0000] "POST /SDEV300/LogOut.php HTTP/1.1" 200 462
::1 - - [16/Jun/2019:03:34:21 +0000] "POST /SDEV300/LogIn.html HTTP/1.1" 200 466
::1 - - [16/Jun/2019:03:34:32 +0000] "POST /SDEV300/MainPage.php HTTP/1.1" 200 1047
::1 - - [16/Jun/2019:03:34:39 +0000] "POST /SDEV300/LogOut.php HTTP/1.1" 200 462
::1 - - [16/Jun/2019:03:34:47 +0000] "GET /SDEV300/MainPage.php HTTP/1.1" 200 1258
::1 - - [16/Jun/2019:03:35:58 +0000] "GET /SDEV300/MainPage.php HTTP/1.1" 302 3458
::1 - - [16/Jun/2019:03:35:58 +0000] "GET /SDEV300/LogIn.html HTTP/1.1" 200 466
::1 - - [16/Jun/2019:03:35:58 +0000] "GET /img/desert.jpg HTTP/1.1" 304 -
::1 - - [16/Jun/2019:03:37:47 +0000] "GET /SDEV300/MainPage.php HTTP/1.1" 302 3458
::1 - - [16/Jun/2019:03:37:47 +0000] "GET /SDEV300/LogIn.html HTTP/1.1" 200 466
::1 - - [16/Jun/2019:03:37:47 +0000] "GET /img/desert.jpg HTTP/1.1" 200 33511
::1 - - [16/Jun/2019:03:37:47 +0000] "GET /favicon.ico HTTP/1.1" 200 1150
::1 - - [16/Jun/2019:03:41:16 +0000] "POST /SDEV300/MainPage.php HTTP/1.1" 200 1046
::1 - - [16/Jun/2019:03:41:47 +0000] "POST /SDEV300/Summary.php HTTP/1.1" 500 -
::1 - - [16/Jun/2019:03:44:50 +0000] "POST /SDEV300/MainPage.php HTTP/1.1" 200 1046
::1 - - [16/Jun/2019:03:45:04 +0000] "POST /SDEV300/Summary.php HTTP/1.1" 200 1287
::1 - - [16/Jun/2019:03:46:11 +0000] "POST /SDEV300/MainPage.php HTTP/1.1" 200 1044
::1 - - [16/Jun/2019:03:46:37 +0000] "POST /SDEV300/Summary.php HTTP/1.1" 200 1287
::1 - - [16/Jun/2019:03:47:09 +0000] "POST /SDEV300/LogOut.php HTTP/1.1" 500 -
::1 - - [16/Jun/2019:03:48:39 +0000] "POST /SDEV300/LogOut.php HTTP/1.1" 500 -
::1 - - [16/Jun/2019:03:49:25 +0000] "POST /SDEV300/Summary.php HTTP/1.1" 200 1287
::1 - - [16/Jun/2019:03:49:27 +0000] "POST /SDEV300/LogOut.php HTTP/1.1" 500 -
::1 - - [16/Jun/2019:03:49:51 +0000] "GET /SDEV300/LogIn.html HTTP/1.1" 200 466
::1 - - [16/Jun/2019:03:49:59 +0000] "POST /SDEV300/MainPage.php HTTP/1.1" 200 1044
::1 - - [16/Jun/2019:03:50:17 +0000] "POST /SDEV300/Summary.php HTTP/1.1" 200 1287
::1 - - [16/Jun/2019:03:51:00 +0000] "POST /SDEV300/LogIn.html HTTP/1.1" 200 466
::1 - - [16/Jun/2019:03:51:10 +0000] "POST /SDEV300/MainPage.php HTTP/1.1" 200 1045
::1 - - [16/Jun/2019:03:51:18 +0000] "POST /SDEV300/Summary.php HTTP/1.1" 200 1487
::1 - - [16/Jun/2019:03:51:33 +0000] "POST /SDEV300/LogOut.php HTTP/1.1" 500 -
::1 - - [16/Jun/2019:03:52:02 +0000] "POST /SDEV300/LogOut.php HTTP/1.1" 200 462
::1 - - [16/Jun/2019:03:52:13 +0000] "POST /SDEV300/LogIn.html HTTP/1.1" 200 466
::1 - - [16/Jun/2019:03:52:59 +0000] "POST /SDEV300/MainPage.php HTTP/1.1" 200 1045
::1 - - [16/Jun/2019:03:53:14 +0000] "POST /SDEV300/Summary.php HTTP/1.1" 200 1476
::1 - - [16/Jun/2019:03:54:53 +0000] "POST /SDEV300/LogIn.html HTTP/1.1" 200 466
::1 - - [16/Jun/2019:03:55:03 +0000] "POST /SDEV300/MainPage.php HTTP/1.1" 200 1045
::1 - - [16/Jun/2019:03:55:19 +0000] "POST /SDEV300/Summary.php HTTP/1.1" 200 1491
::1 - - [16/Jun/2019:03:57:47 +0000] "POST /SDEV300/Summary.php HTTP/1.1" 200 1492
::1 - - [16/Jun/2019:03:58:40 +0000] "POST /SDEV300/LogIn.html HTTP/1.1" 200 470
::1 - - [16/Jun/2019:04:05:28 +0000] "POST /SDEV300/LogIn.html HTTP/1.1" 200 592
::1 - - [16/Jun/2019:04:05:28 +0000] "GET /img/desert.jpg HTTP/1.1" 304 -
::1 - - [16/Jun/2019:04:07:10 +0000] "POST /SDEV300/MainPage.php HTTP/1.1" 200 1024
::1 - - [16/Jun/2019:04:08:52 +0000] "POST /SDEV300/MainPage.php HTTP/1.1" 200 1031
::1 - - [16/Jun/2019:04:15:04 +0000] "POST /SDEV300/Summary.php HTTP/1.1" 200 1423
::1 - - [16/Jun/2019:04:17:32 +0000] "POST /SDEV300/LogOut.php HTTP/1.1" 200 455
::1 - - [16/Jun/2019:04:41:22 +0000] "POST /SDEV300/LogIn.html HTTP/1.1" 200 592
::1 - - [16/Jun/2019:04:41:35 +0000] "POST /SDEV300/MainPage.php HTTP/1.1" 200 1031
::1 - - [16/Jun/2019:04:45:42 +0000] "POST /SDEV300/LogIn.html HTTP/1.1" 200 592
::1 - - [16/Jun/2019:04:45:55 +0000] "POST /SDEV300/MainPage.php HTTP/1.1" 200 1031
::1 - - [16/Jun/2019:04:47:10 +0000] "POST /SDEV300/Summary.php HTTP/1.1" 200 1326
::1 - - [16/Jun/2019:04:47:18 +0000] "POST /SDEV300/LogIn.html HTTP/1.1" 200 592
::1 - - [16/Jun/2019:04:47:29 +0000] "POST /SDEV300/MainPage.php HTTP/1.1" 200 1031
::1 - - [16/Jun/2019:04:50:07 +0000] "POST /SDEV300/Summary.php HTTP/1.1" 200 1319
::1 - - [16/Jun/2019:04:50:47 +0000] "POST /SDEV300/LogIn.html HTTP/1.1" 200 592
::1 - - [16/Jun/2019:04:51:00 +0000] "POST /SDEV300/MainPage.php HTTP/1.1" 200 1031
::1 - - [16/Jun/2019:04:52:03 +0000] "POST /SDEV300/Summary.php HTTP/1.1" 200 1329
::1 - - [16/Jun/2019:04:53:55 +0000] "POST /SDEV300/LogIn.html HTTP/1.1" 200 592
::1 - - [16/Jun/2019:04:54:05 +0000] "POST /SDEV300/MainPage.php HTTP/1.1" 200 1031
::1 - - [16/Jun/2019:04:54:54 +0000] "POST /SDEV300/Summary.php HTTP/1.1" 200 1321
::1 - - [16/Jun/2019:04:54:59 +0000] "POST /SDEV300/LogOut.php HTTP/1.1" 200 455
::1 - - [16/Jun/2019:04:55:18 +0000] "POST /SDEV300/LogIn.html HTTP/1.1" 200 592
::1 - - [16/Jun/2019:04:56:29 +0000] "POST /SDEV300/MainPage.php HTTP/1.1" 200 1031
::1 - - [16/Jun/2019:04:57:16 +0000] "POST /SDEV300/Summary.php HTTP/1.1" 200 1321
::1 - - [16/Jun/2019:04:58:53 +0000] "POST /SDEV300/Summary.php HTTP/1.1" 200 1321
::1 - - [16/Jun/2019:04:59:01 +0000] "POST /SDEV300/MainPage.php HTTP/1.1" 200 1031
::1 - - [16/Jun/2019:05:00:27 +0000] "GET /SDEV300/MainPage.php HTTP/1.1" 302 3578
::1 - - [16/Jun/2019:05:00:27 +0000] "GET /SDEV300/LogIn.html HTTP/1.1" 200 592
::1 - - [16/Jun/2019:05:00:39 +0000] "POST /SDEV300/MainPage.php HTTP/1.1" 200 1031
::1 - - [16/Jun/2019:05:00:47 +0000] "POST /SDEV300/Summary.php HTTP/1.1" 200 1320
::1 - - [16/Jun/2019:05:00:53 +0000] "POST /SDEV300/MainPage.php HTTP/1.1" 200 1031
::1 - - [16/Jun/2019:05:02:23 +0000] "POST /SDEV300/Summary.php HTTP/1.1" 302 3565
::1 - - [16/Jun/2019:05:02:24 +0000] "GET /SDEV300/LogIn.html HTTP/1.1" 200 592
::1 - - [16/Jun/2019:05:02:24 +0000] "GET /img/desert.jpg HTTP/1.1" 200 33511
::1 - - [16/Jun/2019:05:02:24 +0000] "GET /favicon.ico HTTP/1.1" 200 1150
::1 - - [16/Jun/2019:05:02:38 +0000] "POST /SDEV300/MainPage.php HTTP/1.1" 200 1031
::1 - - [16/Jun/2019:05:03:14 +0000] "POST /SDEV300/Summary.php HTTP/1.1" 200 1321
::1 - - [16/Jun/2019:05:03:55 +0000] "POST /SDEV300/LogOut.php HTTP/1.1" 200 455
::1 - - [16/Jun/2019:05:03:57 +0000] "POST /SDEV300/LogIn.html HTTP/1.1" 200 592
::1 - - [16/Jun/2019:05:04:14 +0000] "POST /SDEV300/MainPage.php HTTP/1.1" 200 1031
::1 - - [16/Jun/2019:05:08:11 +0000] "POST /SDEV300/Summary.php HTTP/1.1" 200 1321
::1 - - [16/Jun/2019:05:08:25 +0000] "POST /SDEV300/LogOut.php HTTP/1.1" 200 455
::1 - - [16/Jun/2019:05:08:36 +0000] "GET /SDEV300/Summary.php HTTP/1.1" 302 3507
::1 - - [16/Jun/2019:05:08:36 +0000] "GET /SDEV300/LogIn.html HTTP/1.1" 200 592
::1 - - [16/Jun/2019:05:13:09 +0000] "POST /SDEV300/MainPage.php HTTP/1.1" 302 3592
::1 - - [16/Jun/2019:05:13:09 +0000] "GET /SDEV300/LogIn.html HTTP/1.1" 200 592
::1 - - [16/Jun/2019:05:19:34 +0000] "POST /SDEV300/MainPage.php HTTP/1.1" 500 -
::1 - - [16/Jun/2019:05:19:58 +0000] "POST /SDEV300/MainPage.php HTTP/1.1" 500 -
::1 - - [16/Jun/2019:05:23:17 +0000] "POST /SDEV300/MainPage.php HTTP/1.1" 302 3592
::1 - - [16/Jun/2019:05:23:17 +0000] "GET /SDEV300/LogIn.html HTTP/1.1" 200 592
::1 - - [16/Jun/2019:05:23:17 +0000] "GET /img/desert.jpg HTTP/1.1" 304 -
::1 - - [16/Jun/2019:05:23:25 +0000] "POST /SDEV300/MainPage.php HTTP/1.1" 200 1031
::1 - - [16/Jun/2019:05:24:31 +0000] "POST /SDEV300/LogIn.html HTTP/1.1" 200 592
::1 - - [16/Jun/2019:05:24:40 +0000] "POST /SDEV300/MainPage.php HTTP/1.1" 200 1031
::1 - - [16/Jun/2019:05:27:40 +0000] "POST /SDEV300/Summary.php HTTP/1.1" 200 1319
::1 - - [16/Jun/2019:05:27:44 +0000] "POST /SDEV300/LogIn.html HTTP/1.1" 200 592
::1 - - [16/Jun/2019:05:28:10 +0000] "POST /SDEV300/MainPage.php HTTP/1.1" 200 1031
::1 - - [16/Jun/2019:05:30:33 +0000] "POST /SDEV300/Summary.php HTTP/1.1" 200 1321
::1 - - [16/Jun/2019:05:31:38 +0000] "POST /SDEV300/LogIn.html HTTP/1.1" 200 592
::1 - - [16/Jun/2019:05:31:48 +0000] "POST /SDEV300/MainPage.php HTTP/1.1" 302 3592
::1 - - [16/Jun/2019:05:31:48 +0000] "GET /SDEV300/LogIn.html HTTP/1.1" 200 592
::1 - - [16/Jun/2019:05:32:12 +0000] "POST /SDEV300/MainPage.php HTTP/1.1" 302 3592
::1 - - [16/Jun/2019:05:32:12 +0000] "GET /SDEV300/LogIn.html HTTP/1.1" 200 592
::1 - - [16/Jun/2019:05:32:47 +0000] "POST /SDEV300/MainPage.php HTTP/1.1" 302 3592
::1 - - [16/Jun/2019:05:32:47 +0000] "GET /SDEV300/LogIn.html HTTP/1.1" 200 592
::1 - - [16/Jun/2019:05:33:13 +0000] "GET /SDEV300/LogOut.php HTTP/1.1" 200 455
::1 - - [16/Jun/2019:05:33:15 +0000] "POST /SDEV300/LogIn.html HTTP/1.1" 200 592
::1 - - [16/Jun/2019:05:33:24 +0000] "POST /SDEV300/MainPage.php HTTP/1.1" 302 3592
::1 - - [16/Jun/2019:05:33:24 +0000] "GET /SDEV300/LogIn.html HTTP/1.1" 200 592
::1 - - [16/Jun/2019:05:33:47 +0000] "POST /SDEV300/MainPage.php HTTP/1.1" 302 3592
::1 - - [16/Jun/2019:05:33:47 +0000] "GET /SDEV300/LogIn.html HTTP/1.1" 200 592
::1 - - [16/Jun/2019:05:33:57 +0000] "POST /SDEV300/MainPage.php HTTP/1.1" 302 3592
::1 - - [16/Jun/2019:05:33:57 +0000] "GET /SDEV300/LogIn.html HTTP/1.1" 200 592
::1 - - [16/Jun/2019:05:35:03 +0000] "POST /SDEV300/MainPage.php HTTP/1.1" 302 3592
::1 - - [16/Jun/2019:05:35:03 +0000] "GET /SDEV300/LogIn.html HTTP/1.1" 200 592
::1 - - [16/Jun/2019:05:35:03 +0000] "GET /img/desert.jpg HTTP/1.1" 200 33511
::1 - - [16/Jun/2019:05:35:03 +0000] "GET /favicon.ico HTTP/1.1" 200 1150
::1 - - [16/Jun/2019:05:36:59 +0000] "POST /SDEV300/MainPage.php HTTP/1.1" 302 3592
::1 - - [16/Jun/2019:05:36:59 +0000] "GET /SDEV300/LogIn.html HTTP/1.1" 200 592
::1 - - [16/Jun/2019:05:37:39 +0000] "GET /img/desert.jpg HTTP/1.1" 200 33511
::1 - - [16/Jun/2019:05:37:55 +0000] "GET /favicon.ico HTTP/1.1" 200 1150
::1 - - [16/Jun/2019:05:38:16 +0000] "POST /SDEV300/MainPage.php HTTP/1.1" 200 1031
::1 - - [16/Jun/2019:05:41:00 +0000] "POST /SDEV300/Summary.php HTTP/1.1" 302 3579
::1 - - [16/Jun/2019:05:41:00 +0000] "GET /SDEV300/LogIn.html HTTP/1.1" 200 592
::1 - - [16/Jun/2019:05:41:12 +0000] "POST /SDEV300/MainPage.php HTTP/1.1" 200 1031
::1 - - [16/Jun/2019:05:41:17 +0000] "POST /SDEV300/Summary.php HTTP/1.1" 302 3579
::1 - - [16/Jun/2019:05:41:17 +0000] "GET /SDEV300/LogIn.html HTTP/1.1" 200 592
::1 - - [16/Jun/2019:05:42:44 +0000] "POST /SDEV300/MainPage.php HTTP/1.1" 200 1031
::1 - - [16/Jun/2019:05:42:46 +0000] "POST /SDEV300/Summary.php HTTP/1.1" 302 3521
::1 - - [16/Jun/2019:05:42:46 +0000] "GET /SDEV300/LogIn.html HTTP/1.1" 200 592
::1 - - [16/Jun/2019:05:43:41 +0000] "POST /SDEV300/MainPage.php HTTP/1.1" 200 1031
::1 - - [16/Jun/2019:05:43:43 +0000] "POST /SDEV300/Summary.php HTTP/1.1" 302 3521
::1 - - [16/Jun/2019:05:43:43 +0000] "GET /SDEV300/LogIn.html HTTP/1.1" 200 592
::1 - - [16/Jun/2019:05:44:23 +0000] "POST /SDEV300/MainPage.php HTTP/1.1" 200 1031
::1 - - [16/Jun/2019:05:44:27 +0000] "POST /SDEV300/Summary.php HTTP/1.1" 302 3507
::1 - - [16/Jun/2019:05:44:27 +0000] "GET /SDEV300/LogIn.html HTTP/1.1" 200 592
::1 - - [16/Jun/2019:05:44:43 +0000] "POST /SDEV300/MainPage.php HTTP/1.1" 200 1031
::1 - - [16/Jun/2019:05:54:18 +0000] "POST /SDEV300/LogIn.html HTTP/1.1" 200 592
::1 - - [16/Jun/2019:05:54:25 +0000] "POST /SDEV300/MainPage.php HTTP/1.1" 302 3592
::1 - - [16/Jun/2019:05:54:25 +0000] "GET /SDEV300/LogIn.html HTTP/1.1" 200 592
::1 - - [16/Jun/2019:05:56:55 +0000] "POST /SDEV300/MainPage.php HTTP/1.1" 500 -
::1 - - [16/Jun/2019:05:58:57 +0000] "POST /SDEV300/MainPage.php HTTP/1.1" 500 -
::1 - - [16/Jun/2019:05:59:00 +0000] "POST /SDEV300/MainPage.php HTTP/1.1" 500 -
::1 - - [16/Jun/2019:05:59:49 +0000] "POST /SDEV300/MainPage.php HTTP/1.1" 302 3592
::1 - - [16/Jun/2019:05:59:49 +0000] "GET /SDEV300/LogIn.html HTTP/1.1" 200 592
::1 - - [16/Jun/2019:05:59:49 +0000] "GET /img/desert.jpg HTTP/1.1" 304 -
::1 - - [16/Jun/2019:06:00:00 +0000] "POST /SDEV300/MainPage.php HTTP/1.1" 302 3592
::1 - - [16/Jun/2019:06:00:00 +0000] "GET /SDEV300/LogIn.html HTTP/1.1" 200 592
::1 - - [16/Jun/2019:06:01:40 +0000] "POST /SDEV300/MainPage.php HTTP/1.1" 200 1031
::1 - - [16/Jun/2019:06:06:27 +0000] "POST /SDEV300/MainPage.php HTTP/1.1" 200 1040
::1 - - [16/Jun/2019:06:07:24 +0000] "POST /SDEV300/MainPage.php HTTP/1.1" 200 1040
::1 - - [16/Jun/2019:06:07:29 +0000] "POST /SDEV300/MainPage.php HTTP/1.1" 500 504
::1 - - [16/Jun/2019:06:08:58 +0000] "POST /SDEV300/MainPage.php HTTP/1.1" 200 1041
::1 - - [16/Jun/2019:06:10:42 +0000] "POST /SDEV300/MainPage.php HTTP/1.1" 200 1040
::1 - - [16/Jun/2019:06:11:01 +0000] "POST /SDEV300/MainPage.php HTTP/1.1" 200 1040
::1 - - [16/Jun/2019:06:11:19 +0000] "POST /SDEV300/MainPage.php HTTP/1.1" 200 1040
::1 - - [16/Jun/2019:06:11:28 +0000] "POST /SDEV300/MainPage.php HTTP/1.1" 200 1040
::1 - - [16/Jun/2019:06:11:34 +0000] "POST /SDEV300/MainPage.php HTTP/1.1" 200 1040
::1 - - [16/Jun/2019:06:11:40 +0000] "POST /SDEV300/MainPage.php HTTP/1.1" 200 1040
::1 - - [16/Jun/2019:06:11:40 +0000] "GET /favicon.ico HTTP/1.1" 200 1150
::1 - - [16/Jun/2019:06:12:23 +0000] "POST /SDEV300/MainPage.php HTTP/1.1" 200 1046
::1 - - [16/Jun/2019:06:12:41 +0000] "POST /SDEV300/MainPage.php HTTP/1.1" 200 1046
::1 - - [16/Jun/2019:06:13:49 +0000] "POST /SDEV300/MainPage.php HTTP/1.1" 200 1046
::1 - - [16/Jun/2019:06:13:54 +0000] "POST /SDEV300/MainPage.php HTTP/1.1" 200 1041
::1 - - [16/Jun/2019:06:16:03 +0000] "POST /SDEV300/MainPage.php HTTP/1.1" 500 -
::1 - - [16/Jun/2019:06:16:21 +0000] "POST /SDEV300/MainPage.php HTTP/1.1" 200 1041
::1 - - [16/Jun/2019:06:17:34 +0000] "POST /SDEV300/Summary.php HTTP/1.1" 302 3507
::1 - - [16/Jun/2019:06:17:34 +0000] "GET /SDEV300/LogIn.html HTTP/1.1" 200 592
::1 - - [16/Jun/2019:06:17:43 +0000] "POST /SDEV300/MainPage.php HTTP/1.1" 200 1041
::1 - - [16/Jun/2019:06:17:45 +0000] "POST /SDEV300/Summary.php HTTP/1.1" 302 3507
::1 - - [16/Jun/2019:06:17:45 +0000] "GET /SDEV300/LogIn.html HTTP/1.1" 200 592
::1 - - [16/Jun/2019:06:18:46 +0000] "POST /SDEV300/MainPage.php HTTP/1.1" 200 1041
::1 - - [16/Jun/2019:06:18:51 +0000] "POST /SDEV300/Summary.php HTTP/1.1" 500 -
::1 - - [16/Jun/2019:06:20:31 +0000] "POST /SDEV300/Summary.php HTTP/1.1" 500 -
::1 - - [16/Jun/2019:06:25:01 +0000] "POST /SDEV300/Summary.php HTTP/1.1" 500 -
::1 - - [16/Jun/2019:06:25:04 +0000] "POST /SDEV300/Summary.php HTTP/1.1" 500 -
::1 - - [16/Jun/2019:06:26:37 +0000] "POST /SDEV300/Summary.php HTTP/1.1" 500 -
::1 - - [16/Jun/2019:06:26:49 +0000] "POST /SDEV300/MainPage.php HTTP/1.1" 200 1041
::1 - - [16/Jun/2019:06:27:14 +0000] "POST /SDEV300/MainPage.php HTTP/1.1" 200 1041
::1 - - [16/Jun/2019:06:27:18 +0000] "POST /SDEV300/MainPage.php HTTP/1.1" 200 1041
::1 - - [16/Jun/2019:06:27:25 +0000] "POST /SDEV300/LogOut.php HTTP/1.1" 200 455
::1 - - [16/Jun/2019:06:27:27 +0000] "POST /SDEV300/LogIn.html HTTP/1.1" 200 592
::1 - - [16/Jun/2019:06:27:36 +0000] "POST /SDEV300/MainPage.php HTTP/1.1" 200 1041
::1 - - [16/Jun/2019:06:28:25 +0000] "POST /SDEV300/Summary.php HTTP/1.1" 500 -
::1 - - [16/Jun/2019:06:36:13 +0000] "POST /SDEV300/Summary.php HTTP/1.1" 200 1298
::1 - - [16/Jun/2019:06:36:53 +0000] "POST /SDEV300/Summary.php HTTP/1.1" 200 1298
::1 - - [16/Jun/2019:06:37:02 +0000] "POST /SDEV300/Summary.php HTTP/1.1" 200 1298
::1 - - [16/Jun/2019:06:37:08 +0000] "POST /SDEV300/MainPage.php HTTP/1.1" 200 1041
::1 - - [16/Jun/2019:06:39:40 +0000] "POST /SDEV300/LogOut.php HTTP/1.1" 200 455
::1 - - [16/Jun/2019:06:39:43 +0000] "POST /SDEV300/LogIn.html HTTP/1.1" 200 592
::1 - - [16/Jun/2019:06:39:52 +0000] "POST /SDEV300/MainPage.php HTTP/1.1" 200 1040
::1 - - [16/Jun/2019:06:39:58 +0000] "POST /SDEV300/Summary.php HTTP/1.1" 200 1298
::1 - - [16/Jun/2019:06:40:45 +0000] "POST /SDEV300/Summary.php HTTP/1.1" 200 1298
::1 - - [16/Jun/2019:06:40:53 +0000] "POST /SDEV300/Summary.php HTTP/1.1" 200 1298
::1 - - [16/Jun/2019:06:41:08 +0000] "POST /SDEV300/Summary.php HTTP/1.1" 200 1298
::1 - - [16/Jun/2019:06:41:20 +0000] "POST /SDEV300/LogIn.html HTTP/1.1" 200 592
::1 - - [16/Jun/2019:06:41:29 +0000] "POST /SDEV300/MainPage.php HTTP/1.1" 200 1041
::1 - - [16/Jun/2019:06:41:32 +0000] "POST /SDEV300/Summary.php HTTP/1.1" 200 1298
::1 - - [16/Jun/2019:06:42:25 +0000] "POST /SDEV300/Summary.php HTTP/1.1" 200 1298
::1 - - [16/Jun/2019:06:42:28 +0000] "POST /SDEV300/Summary.php HTTP/1.1" 200 1298
::1 - - [16/Jun/2019:06:42:31 +0000] "POST /SDEV300/LogIn.html HTTP/1.1" 200 592
::1 - - [16/Jun/2019:06:42:39 +0000] "POST /SDEV300/MainPage.php HTTP/1.1" 200 1041
::1 - - [16/Jun/2019:06:42:43 +0000] "POST /SDEV300/Summary.php HTTP/1.1" 200 1298
::1 - - [16/Jun/2019:06:43:15 +0000] "POST /SDEV300/Summary.php HTTP/1.1" 200 1298
::1 - - [16/Jun/2019:06:43:21 +0000] "POST /SDEV300/Summary.php HTTP/1.1" 200 1298
::1 - - [16/Jun/2019:06:43:24 +0000] "POST /SDEV300/LogIn.html HTTP/1.1" 200 592
::1 - - [16/Jun/2019:06:44:35 +0000] "POST /SDEV300/MainPage.php HTTP/1.1" 200 1041
::1 - - [16/Jun/2019:06:44:39 +0000] "POST /SDEV300/Summary.php HTTP/1.1" 200 1300
