127.0.0.1 - - [30/Apr/2018:00:26:26 +0000] "GET / HTTP/1.1" 200 1281
127.0.0.1 - - [30/Apr/2018:00:26:26 +0000] "GET /bitnami.css HTTP/1.1" 200 798
127.0.0.1 - - [30/Apr/2018:00:26:27 +0000] "GET /img/tab1_welcome.png HTTP/1.1" 200 1009
127.0.0.1 - - [30/Apr/2018:00:26:27 +0000] "GET /img/bitnami.png?1186088387 HTTP/1.1" 200 3738
127.0.0.1 - - [30/Apr/2018:00:26:27 +0000] "GET /img/tab2_welcome.png HTTP/1.1" 200 1053
127.0.0.1 - - [30/Apr/2018:00:26:27 +0000] "GET /img/wampstack.png HTTP/1.1" 200 3774
127.0.0.1 - - [30/Apr/2018:00:26:27 +0000] "GET /img/tabs_bg.png HTTP/1.1" 200 214
127.0.0.1 - - [30/Apr/2018:00:26:27 +0000] "GET /favicon.ico HTTP/1.1" 200 1150
127.0.0.1 - - [30/Apr/2018:00:28:15 +0000] "GET /applications.html HTTP/1.1" 200 1115
127.0.0.1 - - [30/Apr/2018:00:28:15 +0000] "GET /img/tab1_applications.png HTTP/1.1" 200 954
127.0.0.1 - - [30/Apr/2018:00:28:15 +0000] "GET /img/tab2_applications.png HTTP/1.1" 200 1081
127.0.0.1 - - [30/Apr/2018:00:28:15 +0000] "GET /img/module_table_top.png HTTP/1.1" 200 337
127.0.0.1 - - [30/Apr/2018:00:28:15 +0000] "GET /img/module_table_bottom.png HTTP/1.1" 200 751
127.0.0.1 - - [30/Apr/2018:00:28:15 +0000] "GET /img/phpmyadmin-module.png HTTP/1.1" 200 2240
127.0.0.1 - - [30/Apr/2018:00:28:21 +0000] "GET /phpmyadmin/ HTTP/1.1" 200 3297
127.0.0.1 - - [30/Apr/2018:00:28:23 +0000] "GET /phpmyadmin/themes/pmahomme/jquery/jquery-ui.css HTTP/1.1" 200 8486
127.0.0.1 - - [30/Apr/2018:00:28:23 +0000] "GET /phpmyadmin/js/codemirror/addon/hint/show-hint.css?v=4.7.9 HTTP/1.1" 200 324
127.0.0.1 - - [30/Apr/2018:00:28:23 +0000] "GET /phpmyadmin/js/codemirror/addon/lint/lint.css?v=4.7.9 HTTP/1.1" 200 1267
127.0.0.1 - - [30/Apr/2018:00:28:23 +0000] "GET /phpmyadmin/js/codemirror/lib/codemirror.css?v=4.7.9 HTTP/1.1" 200 2452
127.0.0.1 - - [30/Apr/2018:00:28:23 +0000] "GET /phpmyadmin/themes/pmahomme/css/printview.css?v=4.7.9 HTTP/1.1" 200 1024
127.0.0.1 - - [30/Apr/2018:00:28:23 +0000] "GET /phpmyadmin/phpmyadmin.css.php?nocache=4565576865ltr&server=1 HTTP/1.1" 200 20133
127.0.0.1 - - [30/Apr/2018:00:28:23 +0000] "GET /phpmyadmin/js/get_scripts.js.php?scripts%5B%5D=jquery/jquery.ba-hashchange-1.3.js&scripts%5B%5D=jquery/jquery.debounce-1.0.5.js&scripts%5B%5D=menu-resizer.js&scripts%5B%5D=cross_framing_protection.js&scripts%5B%5D=rte.js&scripts%5B%5D=tracekit/tracekit.js&scripts%5B%5D=error_report.js&scripts%5B%5D=config.js&scripts%5B%5D=doclinks.js&scripts%5B%5D=functions.js&v=4.7.9 HTTP/1.1" 200 77066
127.0.0.1 - - [30/Apr/2018:00:28:23 +0000] "GET /phpmyadmin/js/get_scripts.js.php?scripts%5B%5D=codemirror/addon/lint/lint.js&scripts%5B%5D=codemirror/addon/lint/sql-lint.js&scripts%5B%5D=console.js&v=4.7.9 HTTP/1.1" 200 13176
127.0.0.1 - - [30/Apr/2018:00:28:23 +0000] "GET /phpmyadmin/js/get_scripts.js.php?scripts%5B%5D=navigation.js&scripts%5B%5D=indexes.js&scripts%5B%5D=common.js&scripts%5B%5D=page_settings.js&scripts%5B%5D=shortcuts_handler.js&scripts%5B%5D=codemirror/lib/codemirror.js&scripts%5B%5D=codemirror/mode/sql/sql.js&scripts%5B%5D=codemirror/addon/runmode/runmode.js&scripts%5B%5D=codemirror/addon/hint/show-hint.js&scripts%5B%5D=codemirror/addon/hint/sql-hint.js&v=4.7.9 HTTP/1.1" 200 135447
127.0.0.1 - - [30/Apr/2018:00:28:23 +0000] "GET /phpmyadmin/js/get_scripts.js.php?scripts%5B%5D=jquery/jquery.min.js&scripts%5B%5D=jquery/jquery-migrate-3.0.0.js&scripts%5B%5D=sprintf.js&scripts%5B%5D=ajax.js&scripts%5B%5D=keyhandler.js&scripts%5B%5D=jquery/jquery-ui.min.js&scripts%5B%5D=jquery/jquery.cookie.js&scripts%5B%5D=jquery/jquery.mousewheel.js&scripts%5B%5D=jquery/jquery.event.drag-2.2.js&scripts%5B%5D=jquery/jquery-ui-timepicker-addon.js&v=4.7.9 HTTP/1.1" 200 138971
127.0.0.1 - - [30/Apr/2018:00:28:23 +0000] "GET /phpmyadmin/js/whitelist.php?v=4.7.9&lang=en&collation_connection=utf8mb4_unicode_ci&token=9f3883628cae980020c77052690f9c72 HTTP/1.1" 200 475
127.0.0.1 - - [30/Apr/2018:00:28:23 +0000] "GET /phpmyadmin/js/get_image.js.php?theme=pmahomme&v=4.7.9&lang=en&collation_connection=utf8mb4_unicode_ci&token=9f3883628cae980020c77052690f9c72 HTTP/1.1" 200 1841
127.0.0.1 - - [30/Apr/2018:00:28:23 +0000] "GET /phpmyadmin/js/messages.php?l=en&v=4.7.9&lang=en&collation_connection=utf8mb4_unicode_ci&token=9f3883628cae980020c77052690f9c72 HTTP/1.1" 200 8692
127.0.0.1 - - [30/Apr/2018:00:28:24 +0000] "GET /phpmyadmin/themes/dot.gif HTTP/1.1" 200 43
127.0.0.1 - - [30/Apr/2018:00:28:24 +0000] "GET /phpmyadmin/themes/pmahomme/img/logo_right.png HTTP/1.1" 200 4306
127.0.0.1 - - [30/Apr/2018:00:28:24 +0000] "GET /phpmyadmin/favicon.ico HTTP/1.1" 200 22486
127.0.0.1 - - [30/Apr/2018:00:28:24 +0000] "GET /phpmyadmin/themes/pmahomme/img/sprites.png?v=4.7.9 HTTP/1.1" 200 14861
127.0.0.1 - - [30/Apr/2018:00:28:48 +0000] "POST /phpmyadmin/index.php HTTP/1.1" 302 25
127.0.0.1 - - [30/Apr/2018:00:28:53 +0000] "GET /phpmyadmin/phpmyadmin.css.php?nocache=6090624997ltr&server=1 HTTP/1.1" 200 20133
127.0.0.1 - - [30/Apr/2018:00:28:50 +0000] "GET /phpmyadmin/index.php?token=25dc243638b12c7a51788fef10b50fb6 HTTP/1.1" 200 13389
127.0.0.1 - - [30/Apr/2018:00:28:53 +0000] "GET /phpmyadmin/js/whitelist.php?v=4.7.9&token=25dc243638b12c7a51788fef10b50fb6 HTTP/1.1" 200 475
127.0.0.1 - - [30/Apr/2018:00:28:53 +0000] "GET /phpmyadmin/js/get_image.js.php?theme=pmahomme&v=4.7.9&token=25dc243638b12c7a51788fef10b50fb6 HTTP/1.1" 200 1841
127.0.0.1 - - [30/Apr/2018:00:28:53 +0000] "GET /phpmyadmin/js/messages.php?l=en&v=4.7.9&token=25dc243638b12c7a51788fef10b50fb6 HTTP/1.1" 200 8692
127.0.0.1 - - [30/Apr/2018:00:28:53 +0000] "GET /phpmyadmin/themes/pmahomme/img/logo_left.png HTTP/1.1" 200 2713
127.0.0.1 - - [30/Apr/2018:00:28:53 +0000] "GET /phpmyadmin/themes/pmahomme/img/s_collapseall.png HTTP/1.1" 200 143
127.0.0.1 - - [30/Apr/2018:00:28:54 +0000] "GET /phpmyadmin/themes/pmahomme/img/left_nav_bg.png HTTP/1.1" 200 146
127.0.0.1 - - [30/Apr/2018:00:28:53 +0000] "GET /phpmyadmin/themes/pmahomme/img/ajax_clock_small.gif HTTP/1.1" 200 1810
127.0.0.1 - - [30/Apr/2018:00:28:54 +0000] "POST /phpmyadmin/navigation.php?ajax_request=1&token=25dc243638b12c7a51788fef10b50fb6 HTTP/1.1" 200 2029
127.0.0.1 - - [30/Apr/2018:00:28:54 +0000] "POST /phpmyadmin/version_check.php HTTP/1.1" 200 66
127.0.0.1 - - [30/Apr/2018:00:29:09 +0000] "GET /phpmyadmin/server_databases.php?server=1&token=25dc243638b12c7a51788fef10b50fb6&ajax_request=true&ajax_page_request=true&_nocache=1525048149242860378 HTTP/1.1" 200 5928
127.0.0.1 - - [30/Apr/2018:00:29:11 +0000] "GET /phpmyadmin/themes/pmahomme/img/arrow_ltr.png HTTP/1.1" 200 101
127.0.0.1 - - [30/Apr/2018:00:29:11 +0000] "GET /phpmyadmin/js/get_scripts.js.php?scripts%5B%5D=server_databases.js&call_done=1&v=4.7.9&call_done=1&v=4.7.9 HTTP/1.1" 200 2210
127.0.0.1 - - [30/Apr/2018:00:29:20 +0000] "POST /phpmyadmin/server_databases.php HTTP/1.1" 200 1766
127.0.0.1 - - [30/Apr/2018:00:29:22 +0000] "POST /phpmyadmin/navigation.php?ajax_request=1&token=25dc243638b12c7a51788fef10b50fb6 HTTP/1.1" 200 2063
127.0.0.1 - - [30/Apr/2018:00:29:22 +0000] "GET /phpmyadmin/db_structure.php?db=sdev300&token=25dc243638b12c7a51788fef10b50fb6&db=sdev300&ajax_request=true&ajax_page_request=true&_nocache=1525048162330737008 HTTP/1.1" 200 2726
127.0.0.1 - - [30/Apr/2018:00:29:26 +0000] "GET /phpmyadmin/navigation.php?ajax_request=1&token=25dc243638b12c7a51788fef10b50fb6&aPath=cm9vdA%3D%3D.c2RldjMwMA%3D%3D&vPath=cm9vdA%3D%3D.c2RldjMwMA%3D%3D&pos=0&pos2_name=&pos2_value=&searchClause=&searchClause2=&_nocache=1525048166644590954 HTTP/1.1" 200 1413
127.0.0.1 - - [30/Apr/2018:00:29:26 +0000] "GET /phpmyadmin/js/get_scripts.js.php?scripts%5B%5D=db_structure.js&scripts%5B%5D=tbl_change.js&call_done=1&v=4.7.9&call_done=1&v=4.7.9 HTTP/1.1" 200 10913
127.0.0.1 - - [30/Apr/2018:00:29:31 +0000] "GET /phpmyadmin/db_sql.php?db=sdev300&token=25dc243638b12c7a51788fef10b50fb6&ajax_request=true&ajax_page_request=true&_nocache=1525048171912330804 HTTP/1.1" 200 4212
127.0.0.1 - - [30/Apr/2018:00:29:50 +0000] "GET /phpmyadmin/js/get_scripts.js.php?scripts%5B%5D=makegrid.js&scripts%5B%5D=jquery/jquery.uitablefilter.js&scripts%5B%5D=sql.js&call_done=1&v=4.7.9&call_done=1&v=4.7.9 HTTP/1.1" 200 28057
127.0.0.1 - - [30/Apr/2018:00:29:53 +0000] "GET /index.html HTTP/1.1" 200 1281
::1 - - [30/Apr/2018:00:35:47 +0000] "GET / HTTP/1.1" 200 1281
::1 - - [30/Apr/2018:00:35:47 +0000] "GET /bitnami.css HTTP/1.1" 200 798
::1 - - [30/Apr/2018:00:35:47 +0000] "GET /img/bitnami.png?1186088387 HTTP/1.1" 200 3738
::1 - - [30/Apr/2018:00:35:47 +0000] "GET /img/tabs_bg.png HTTP/1.1" 200 214
::1 - - [30/Apr/2018:00:35:47 +0000] "GET /img/tab1_welcome.png HTTP/1.1" 200 1009
::1 - - [30/Apr/2018:00:35:47 +0000] "GET /img/tab2_welcome.png HTTP/1.1" 200 1053
::1 - - [30/Apr/2018:00:35:47 +0000] "GET /img/wampstack.png HTTP/1.1" 200 3774
::1 - - [30/Apr/2018:00:35:47 +0000] "GET /favicon.ico HTTP/1.1" 200 1150
::1 - - [30/Apr/2018:00:42:29 +0000] "GET / HTTP/1.1" 200 1281
::1 - - [30/Apr/2018:00:42:29 +0000] "GET /bitnami.css HTTP/1.1" 200 798
::1 - - [30/Apr/2018:00:42:29 +0000] "GET /img/bitnami.png?1186088387 HTTP/1.1" 200 3738
::1 - - [30/Apr/2018:00:42:29 +0000] "GET /img/tabs_bg.png HTTP/1.1" 200 214
::1 - - [30/Apr/2018:00:42:29 +0000] "GET /img/tab2_welcome.png HTTP/1.1" 200 1053
::1 - - [30/Apr/2018:00:42:29 +0000] "GET /img/tab1_welcome.png HTTP/1.1" 200 1009
::1 - - [30/Apr/2018:00:42:29 +0000] "GET /img/wampstack.png HTTP/1.1" 200 3774
::1 - - [30/Apr/2018:00:42:36 +0000] "GET /Table1.php HTTP/1.1" 200 489
::1 - - [30/Apr/2018:00:42:37 +0000] "GET /image/Rectangle.PNG HTTP/1.1" 404 217
::1 - - [30/Apr/2018:00:42:37 +0000] "GET /image/RightAngleTriangle.PNG HTTP/1.1" 404 226
::1 - - [30/Apr/2018:00:42:37 +0000] "GET /image/Circle.PNG HTTP/1.1" 404 214
::1 - - [30/Apr/2018:00:42:37 +0000] "GET /image/Square.PNG HTTP/1.1" 404 214
::1 - - [30/Apr/2018:00:42:37 +0000] "GET /favicon.ico HTTP/1.1" 200 1150
::1 - - [30/Apr/2018:00:42:45 +0000] "GET /Table2.php HTTP/1.1" 200 1440
::1 - - [30/Apr/2018:00:44:01 +0000] "GET /Table2.php HTTP/1.1" 404 208
::1 - - [30/Apr/2018:00:44:10 +0000] "GET /SDEV300/Table1.php HTTP/1.1" 200 489
::1 - - [30/Apr/2018:00:44:10 +0000] "GET /SDEV300/image/Rectangle.PNG HTTP/1.1" 200 1564
::1 - - [30/Apr/2018:00:44:10 +0000] "GET /SDEV300/image/Circle.PNG HTTP/1.1" 200 13949
::1 - - [30/Apr/2018:00:44:10 +0000] "GET /SDEV300/image/RightAngleTriangle.PNG HTTP/1.1" 200 1580
::1 - - [30/Apr/2018:00:44:10 +0000] "GET /SDEV300/image/Square.PNG HTTP/1.1" 200 15000
::1 - - [30/Apr/2018:00:57:04 +0000] "GET /SDEV300/Table1.php HTTP/1.1" 404 216
::1 - - [30/Apr/2018:00:57:08 +0000] "GET / HTTP/1.1" 200 1281
::1 - - [30/Apr/2018:00:57:09 +0000] "GET /bitnami.css HTTP/1.1" 200 798
::1 - - [30/Apr/2018:00:57:09 +0000] "GET /img/tabs_bg.png HTTP/1.1" 200 214
::1 - - [30/Apr/2018:00:57:09 +0000] "GET /img/bitnami.png?1186088387 HTTP/1.1" 200 3738
::1 - - [30/Apr/2018:00:57:09 +0000] "GET /img/tab1_welcome.png HTTP/1.1" 200 1009
::1 - - [30/Apr/2018:00:57:09 +0000] "GET /img/tab2_welcome.png HTTP/1.1" 200 1053
::1 - - [30/Apr/2018:00:57:09 +0000] "GET /img/wampstack.png HTTP/1.1" 200 3774
::1 - - [30/Apr/2018:00:57:09 +0000] "GET /favicon.ico HTTP/1.1" 200 1150
::1 - - [30/Apr/2018:00:57:11 +0000] "GET /applications.html HTTP/1.1" 200 1115
::1 - - [30/Apr/2018:00:57:12 +0000] "GET /img/tab1_applications.png HTTP/1.1" 200 954
::1 - - [30/Apr/2018:00:57:12 +0000] "GET /img/tab2_applications.png HTTP/1.1" 200 1081
::1 - - [30/Apr/2018:00:57:12 +0000] "GET /img/module_table_top.png HTTP/1.1" 200 337
::1 - - [30/Apr/2018:00:57:12 +0000] "GET /img/phpmyadmin-module.png HTTP/1.1" 200 2240
::1 - - [30/Apr/2018:00:57:12 +0000] "GET /img/module_table_bottom.png HTTP/1.1" 200 751
::1 - - [06/Jun/2019:00:44:04 +0000] "GET /SDEV300/HelloSDEV300.php. HTTP/1.1" 404 223
::1 - - [06/Jun/2019:00:44:08 +0000] "GET /SDEV300/HelloSDEV300.php HTTP/1.1" 404 222
::1 - - [06/Jun/2019:00:44:09 +0000] "GET /favicon.ico HTTP/1.1" 200 1150
::1 - - [06/Jun/2019:00:45:13 +0000] "GET /SDEV300/PHPTest.php HTTP/1.1" 200 301
::1 - - [06/Jun/2019:00:45:14 +0000] "GET /favicon.ico HTTP/1.1" 200 1150
::1 - - [06/Jun/2019:01:05:03 +0000] "GET /SDEV300/PHPTest.php HTTP/1.1" 500 -
::1 - - [06/Jun/2019:01:05:17 +0000] "GET /SDEV300/week3PHP.php HTTP/1.1" 500 -
::1 - - [06/Jun/2019:01:25:17 +0000] "GET /SDEV300/week3PHP.php HTTP/1.1" 500 -
::1 - - [06/Jun/2019:01:27:27 +0000] "GET /SDEV300/week3PHP.php HTTP/1.1" 500 -
::1 - - [06/Jun/2019:01:27:28 +0000] "GET /favicon.ico HTTP/1.1" 200 1150
::1 - - [06/Jun/2019:01:27:53 +0000] "GET /SDEV300/week3PHP.php HTTP/1.1" 200 227
::1 - - [06/Jun/2019:01:27:55 +0000] "GET /favicon.ico HTTP/1.1" 200 1150
::1 - - [06/Jun/2019:01:29:20 +0000] "GET /SDEV300/week3PHP.php HTTP/1.1" 500 -
::1 - - [06/Jun/2019:01:29:22 +0000] "GET /favicon.ico HTTP/1.1" 200 1150
::1 - - [06/Jun/2019:01:30:31 +0000] "GET /SDEV300/week3PHP.php HTTP/1.1" 500 -
::1 - - [06/Jun/2019:01:30:33 +0000] "GET /favicon.ico HTTP/1.1" 200 1150
::1 - - [06/Jun/2019:01:35:38 +0000] "GET /SDEV300/week3PHP.php HTTP/1.1" 500 -
::1 - - [06/Jun/2019:01:35:38 +0000] "GET /favicon.ico HTTP/1.1" 200 1150
::1 - - [06/Jun/2019:01:35:40 +0000] "GET /SDEV300/week3PHP.php HTTP/1.1" 500 -
::1 - - [06/Jun/2019:01:35:40 +0000] "GET /favicon.ico HTTP/1.1" 200 1150
::1 - - [06/Jun/2019:01:36:08 +0000] "GET /SDEV300/week3PHP.php HTTP/1.1" 200 227
::1 - - [06/Jun/2019:01:36:08 +0000] "GET /favicon.ico HTTP/1.1" 200 1150
::1 - - [06/Jun/2019:01:40:38 +0000] "GET /SDEV300/week3PHP.php HTTP/1.1" 500 -
::1 - - [06/Jun/2019:01:40:38 +0000] "GET /favicon.ico HTTP/1.1" 200 1150
::1 - - [06/Jun/2019:01:41:15 +0000] "GET /SDEV300/week3PHP.php HTTP/1.1" 500 -
::1 - - [06/Jun/2019:01:41:15 +0000] "GET /favicon.ico HTTP/1.1" 200 1150
::1 - - [06/Jun/2019:01:41:17 +0000] "GET /SDEV300/week3PHP.php HTTP/1.1" 500 -
::1 - - [06/Jun/2019:01:41:17 +0000] "GET /favicon.ico HTTP/1.1" 200 1150
::1 - - [06/Jun/2019:01:44:21 +0000] "GET /SDEV300/week3PHP.php HTTP/1.1" 500 -
::1 - - [06/Jun/2019:01:44:21 +0000] "GET /favicon.ico HTTP/1.1" 200 1150
::1 - - [06/Jun/2019:01:44:24 +0000] "GET /SDEV300/week3PHP.php HTTP/1.1" 500 -
::1 - - [06/Jun/2019:01:44:24 +0000] "GET /favicon.ico HTTP/1.1" 200 1150
::1 - - [06/Jun/2019:01:45:48 +0000] "GET / HTTP/1.1" 200 1281
::1 - - [06/Jun/2019:01:45:49 +0000] "GET /bitnami.css HTTP/1.1" 200 798
::1 - - [06/Jun/2019:01:45:49 +0000] "GET /img/tabs_bg.png HTTP/1.1" 200 214
::1 - - [06/Jun/2019:01:45:49 +0000] "GET /img/bitnami.png?1186088387 HTTP/1.1" 200 3738
::1 - - [06/Jun/2019:01:45:49 +0000] "GET /img/wampstack.png HTTP/1.1" 200 3774
::1 - - [06/Jun/2019:01:45:49 +0000] "GET /img/tab2_welcome.png HTTP/1.1" 200 1053
::1 - - [06/Jun/2019:01:45:49 +0000] "GET /img/tab1_welcome.png HTTP/1.1" 200 1009
::1 - - [06/Jun/2019:01:46:16 +0000] "GET /SDEV300/week3PHP.php HTTP/1.1" 500 -
::1 - - [06/Jun/2019:01:46:20 +0000] "GET /SDEV300/week3PHP.php HTTP/1.1" 500 -
::1 - - [06/Jun/2019:01:46:37 +0000] "GET /SDEV300/week3PHP.php HTTP/1.1" 500 -
::1 - - [06/Jun/2019:01:46:37 +0000] "GET /favicon.ico HTTP/1.1" 200 1150
::1 - - [06/Jun/2019:01:46:38 +0000] "GET /SDEV300/week3PHP.php HTTP/1.1" 500 -
::1 - - [06/Jun/2019:01:46:38 +0000] "GET /favicon.ico HTTP/1.1" 200 1150
::1 - - [06/Jun/2019:01:58:00 +0000] "GET /SDEV300/week3PHP.php HTTP/1.1" 200 257
::1 - - [06/Jun/2019:01:58:03 +0000] "GET /SDEV300/week3PHP.php HTTP/1.1" 200 257
::1 - - [06/Jun/2019:01:58:44 +0000] "GET /SDEV300/week3PHP.php HTTP/1.1" 200 257
::1 - - [06/Jun/2019:01:58:49 +0000] "GET /SDEV300/week3PHP.php HTTP/1.1" 200 257
::1 - - [06/Jun/2019:01:58:49 +0000] "GET /favicon.ico HTTP/1.1" 200 1150
::1 - - [06/Jun/2019:01:59:31 +0000] "GET /SDEV300/week3PHP.php HTTP/1.1" 200 285
::1 - - [06/Jun/2019:01:59:44 +0000] "GET /SDEV300/week3PHP.php HTTP/1.1" 200 285
::1 - - [06/Jun/2019:01:59:49 +0000] "GET /SDEV300/week3PHP.php HTTP/1.1" 200 285
::1 - - [06/Jun/2019:01:59:49 +0000] "GET /favicon.ico HTTP/1.1" 200 1150
::1 - - [06/Jun/2019:01:59:50 +0000] "GET /SDEV300/week3PHP.php HTTP/1.1" 200 285
::1 - - [06/Jun/2019:01:59:50 +0000] "GET /favicon.ico HTTP/1.1" 200 1150
::1 - - [06/Jun/2019:02:00:15 +0000] "GET /SDEV300/week3PHP.php HTTP/1.1" 200 285
::1 - - [06/Jun/2019:02:00:15 +0000] "GET /favicon.ico HTTP/1.1" 200 1150
::1 - - [06/Jun/2019:02:01:03 +0000] "GET /SDEV300/week3PHP.php HTTP/1.1" 500 -
::1 - - [06/Jun/2019:02:01:03 +0000] "GET /favicon.ico HTTP/1.1" 200 1150
::1 - - [06/Jun/2019:02:01:26 +0000] "GET /SDEV300/week3PHP.php HTTP/1.1" 200 286
::1 - - [06/Jun/2019:02:01:44 +0000] "GET /SDEV300/week3PHP.php HTTP/1.1" 200 286
::1 - - [06/Jun/2019:02:01:48 +0000] "GET /SDEV300/week3PHP.php HTTP/1.1" 200 286
::1 - - [06/Jun/2019:02:01:48 +0000] "GET /favicon.ico HTTP/1.1" 200 1150
::1 - - [06/Jun/2019:02:02:53 +0000] "GET /SDEV300/week3PHP.php HTTP/1.1" 200 286
::1 - - [06/Jun/2019:02:03:18 +0000] "GET /SDEV300/week3PHP.php HTTP/1.1" 200 286
::1 - - [06/Jun/2019:02:03:26 +0000] "GET /SDEV300/week3PHP.php HTTP/1.1" 200 286
::1 - - [06/Jun/2019:02:03:26 +0000] "GET /favicon.ico HTTP/1.1" 200 1150
::1 - - [06/Jun/2019:02:03:38 +0000] "GET /SDEV300/week3PHP.php HTTP/1.1" 200 286
::1 - - [06/Jun/2019:02:03:38 +0000] "GET /favicon.ico HTTP/1.1" 200 1150
::1 - - [06/Jun/2019:02:04:46 +0000] "GET /sdev300/week3PHP.php HTTP/1.1" 200 282
::1 - - [06/Jun/2019:02:05:52 +0000] "GET /sdev300/week3PHP.php HTTP/1.1" 200 256
::1 - - [06/Jun/2019:02:05:53 +0000] "GET /favicon.ico HTTP/1.1" 200 1150
::1 - - [06/Jun/2019:02:05:54 +0000] "GET /sdev300/week3PHP.php HTTP/1.1" 200 256
::1 - - [06/Jun/2019:02:05:54 +0000] "GET /favicon.ico HTTP/1.1" 200 1150
::1 - - [06/Jun/2019:02:08:59 +0000] "GET /sdev300/week3PHP.php HTTP/1.1" 200 248
::1 - - [06/Jun/2019:02:08:59 +0000] "GET /favicon.ico HTTP/1.1" 200 1150
::1 - - [06/Jun/2019:02:09:01 +0000] "GET /sdev300/week3PHP.php HTTP/1.1" 200 248
::1 - - [06/Jun/2019:02:09:01 +0000] "GET /favicon.ico HTTP/1.1" 200 1150
::1 - - [06/Jun/2019:02:09:02 +0000] "GET /sdev300/week3PHP.php HTTP/1.1" 200 248
::1 - - [06/Jun/2019:02:09:02 +0000] "GET /favicon.ico HTTP/1.1" 200 1150
::1 - - [06/Jun/2019:02:12:28 +0000] "GET /sdev300/week3PHP.php HTTP/1.1" 200 251
::1 - - [06/Jun/2019:02:12:28 +0000] "GET /favicon.ico HTTP/1.1" 200 1150
::1 - - [06/Jun/2019:04:11:58 +0000] "GET /sdev300/week3PHP.php HTTP/1.1" 200 199
::1 - - [06/Jun/2019:04:11:58 +0000] "GET /favicon.ico HTTP/1.1" 200 1150
::1 - - [06/Jun/2019:15:06:44 +0000] "GET /sdev300/week3PHP.php HTTP/1.1" 200 199
::1 - - [06/Jun/2019:15:06:45 +0000] "GET /favicon.ico HTTP/1.1" 200 1150
::1 - - [06/Jun/2019:15:06:57 +0000] "GET /sdev300/week3PHP.php HTTP/1.1" 200 199
::1 - - [06/Jun/2019:15:06:57 +0000] "GET /favicon.ico HTTP/1.1" 200 1150
::1 - - [06/Jun/2019:15:13:43 +0000] "GET /sdev300/week3PHP.php HTTP/1.1" 200 278
::1 - - [06/Jun/2019:15:13:52 +0000] "GET /sdev300/week3PHP.php HTTP/1.1" 200 278
::1 - - [06/Jun/2019:15:15:10 +0000] "GET /sdev300/Lab3.php HTTP/1.1" 200 278
::1 - - [06/Jun/2019:15:15:42 +0000] "GET /sdev300/Lab3.php HTTP/1.1" 200 278
::1 - - [06/Jun/2019:15:15:44 +0000] "GET /sdev300/Lab3.php HTTP/1.1" 200 278
::1 - - [06/Jun/2019:15:15:46 +0000] "GET /sdev300/Lab3.php HTTP/1.1" 200 278
::1 - - [06/Jun/2019:15:15:59 +0000] "GET /sdev300/Lab3.php HTTP/1.1" 200 278
::1 - - [06/Jun/2019:15:15:59 +0000] "GET /favicon.ico HTTP/1.1" 200 1150
::1 - - [06/Jun/2019:15:57:14 +0000] "GET /sdev300/Lab3.php HTTP/1.1" 500 -
::1 - - [06/Jun/2019:15:57:17 +0000] "GET /sdev300/Lab3.php HTTP/1.1" 500 -
::1 - - [06/Jun/2019:15:57:42 +0000] "GET /sdev300/Lab3.php HTTP/1.1" 500 -
::1 - - [06/Jun/2019:16:00:39 +0000] "GET /sdev300/Lab3.php HTTP/1.1" 200 256
::1 - - [06/Jun/2019:16:00:46 +0000] "GET /sdev300/Lab3.php HTTP/1.1" 200 256
::1 - - [06/Jun/2019:16:20:13 +0000] "GET /sdev300/Lab3.php HTTP/1.1" 200 262
::1 - - [06/Jun/2019:16:22:12 +0000] "GET /sdev300week3php.php HTTP/1.1" 404 217
::1 - - [06/Jun/2019:16:22:26 +0000] "GET /sdev300/week3php.php HTTP/1.1" 200 199
::1 - - [06/Jun/2019:16:26:52 +0000] "GET /sdev300/Lab3.php HTTP/1.1" 200 270
::1 - - [06/Jun/2019:16:27:44 +0000] "GET /sdev300/Lab3.php HTTP/1.1" 200 270
::1 - - [06/Jun/2019:16:27:47 +0000] "GET /sdev300/Lab3.php HTTP/1.1" 200 270
::1 - - [06/Jun/2019:16:27:50 +0000] "GET /sdev300/Lab3.php HTTP/1.1" 200 270
::1 - - [06/Jun/2019:16:27:50 +0000] "GET /favicon.ico HTTP/1.1" 200 1150
::1 - - [06/Jun/2019:16:28:10 +0000] "GET /sdev300/Lab3.php HTTP/1.1" 200 273
::1 - - [06/Jun/2019:16:39:18 +0000] "GET /sdev300/Lab3.php HTTP/1.1" 200 307
::1 - - [06/Jun/2019:16:40:10 +0000] "GET /sdev300/Lab3.php HTTP/1.1" 200 307
::1 - - [06/Jun/2019:16:40:12 +0000] "GET /sdev300/Lab3.php HTTP/1.1" 200 307
::1 - - [06/Jun/2019:16:40:21 +0000] "GET /sdev300/Lab3.php HTTP/1.1" 200 308
::1 - - [06/Jun/2019:16:42:25 +0000] "GET /sdev300/Lab3.php HTTP/1.1" 200 304
::1 - - [06/Jun/2019:16:44:06 +0000] "GET /sdev300/Lab3.php HTTP/1.1" 200 311
::1 - - [06/Jun/2019:17:27:45 +0000] "GET /sdev300/Lab3.php HTTP/1.1" 500 -
::1 - - [06/Jun/2019:17:28:18 +0000] "GET /sdev300/Lab3.php HTTP/1.1" 500 -
::1 - - [06/Jun/2019:17:28:43 +0000] "GET /sdev300/Lab3.php HTTP/1.1" 500 -
::1 - - [06/Jun/2019:17:28:45 +0000] "GET /sdev300/Lab3.php HTTP/1.1" 500 -
::1 - - [06/Jun/2019:17:29:17 +0000] "GET /sdev300/Lab3.php HTTP/1.1" 500 -
::1 - - [06/Jun/2019:17:29:19 +0000] "GET /sdev300/Lab3.php HTTP/1.1" 500 -
::1 - - [06/Jun/2019:17:29:19 +0000] "GET /favicon.ico HTTP/1.1" 200 1150
::1 - - [06/Jun/2019:17:31:13 +0000] "GET /sdev300/Lab3.php HTTP/1.1" 500 -
::1 - - [06/Jun/2019:17:31:17 +0000] "GET /sdev300/Lab3.php HTTP/1.1" 500 -
::1 - - [06/Jun/2019:17:31:57 +0000] "GET /sdev300/Lab3.php HTTP/1.1" 500 -
::1 - - [06/Jun/2019:17:31:57 +0000] "GET /favicon.ico HTTP/1.1" 200 1150
::1 - - [06/Jun/2019:17:32:51 +0000] "GET /sdev300/Lab3.php HTTP/1.1" 200 353
::1 - - [06/Jun/2019:17:34:53 +0000] "GET /sdev300/Lab3.php HTTP/1.1" 200 347
::1 - - [06/Jun/2019:17:35:57 +0000] "GET /sdev300/Lab3.php HTTP/1.1" 200 349
::1 - - [06/Jun/2019:17:37:32 +0000] "GET /sdev300/Lab3.php HTTP/1.1" 200 353
::1 - - [06/Jun/2019:17:48:39 +0000] "GET /sdev300/Lab3.php HTTP/1.1" 200 369
::1 - - [06/Jun/2019:17:50:06 +0000] "GET /sdev300/Lab3.php HTTP/1.1" 500 -
::1 - - [06/Jun/2019:17:50:42 +0000] "GET /sdev300/Lab3.php HTTP/1.1" 500 -
::1 - - [06/Jun/2019:17:51:31 +0000] "GET /sdev300/Lab3.php HTTP/1.1" 200 407
::1 - - [06/Jun/2019:17:58:58 +0000] "GET /sdev300/Lab3.php HTTP/1.1" 200 410
::1 - - [06/Jun/2019:18:15:43 +0000] "GET /sdev300/Lab3.php HTTP/1.1" 200 401
::1 - - [06/Jun/2019:18:16:00 +0000] "GET /sdev300/Lab3.php HTTP/1.1" 200 401
::1 - - [06/Jun/2019:18:26:50 +0000] "GET /sdev300/Lab3.php HTTP/1.1" 200 412
::1 - - [06/Jun/2019:18:33:25 +0000] "GET /sdev300/Lab3.php HTTP/1.1" 500 -
::1 - - [06/Jun/2019:18:33:28 +0000] "GET /sdev300/Lab3.php HTTP/1.1" 500 -
::1 - - [06/Jun/2019:18:34:02 +0000] "GET /sdev300/Lab3.php HTTP/1.1" 500 -
::1 - - [06/Jun/2019:18:35:30 +0000] "GET /sdev300/Lab3.php HTTP/1.1" 200 412
::1 - - [06/Jun/2019:18:36:14 +0000] "GET /sdev300/Lab3.php HTTP/1.1" 200 412
::1 - - [06/Jun/2019:18:36:15 +0000] "GET /sdev300/Lab3.php HTTP/1.1" 200 412
::1 - - [06/Jun/2019:18:36:33 +0000] "GET /sdev300/week3PHP.php HTTP/1.1" 200 199
::1 - - [06/Jun/2019:18:36:55 +0000] "GET /sdev300/Lab3.php HTTP/1.1" 200 414
::1 - - [06/Jun/2019:18:37:55 +0000] "GET /sdev300/Lab3.php HTTP/1.1" 200 414
::1 - - [06/Jun/2019:18:37:59 +0000] "GET /sdev300/Lab3.php HTTP/1.1" 200 415
::1 - - [06/Jun/2019:18:38:12 +0000] "GET /sdev300/Lab3.php HTTP/1.1" 200 415
::1 - - [06/Jun/2019:18:39:57 +0000] "GET /sdev300/Lab3.php HTTP/1.1" 200 415
::1 - - [06/Jun/2019:18:40:14 +0000] "GET /sdev300/Lab3.php HTTP/1.1" 200 415
::1 - - [06/Jun/2019:18:40:23 +0000] "GET /sdev300/Lab3.php HTTP/1.1" 200 415
::1 - - [06/Jun/2019:18:40:23 +0000] "GET /favicon.ico HTTP/1.1" 200 1150
::1 - - [06/Jun/2019:18:40:40 +0000] "GET /sdev300/Lab3.php HTTP/1.1" 200 415
::1 - - [06/Jun/2019:18:40:46 +0000] "GET /sdev300/Lab3.php HTTP/1.1" 200 415
::1 - - [06/Jun/2019:18:41:26 +0000] "GET /sdev300/Lab3.php HTTP/1.1" 200 421
::1 - - [06/Jun/2019:18:41:41 +0000] "GET /sdev300/Lab3.php HTTP/1.1" 200 421
::1 - - [06/Jun/2019:18:41:43 +0000] "GET /sdev300/Lab3.php HTTP/1.1" 200 421
::1 - - [06/Jun/2019:18:41:48 +0000] "GET /sdev300/Lab3.php HTTP/1.1" 200 421
::1 - - [06/Jun/2019:18:41:51 +0000] "GET /sdev300/Lab3.php HTTP/1.1" 200 421
::1 - - [06/Jun/2019:18:41:51 +0000] "GET /favicon.ico HTTP/1.1" 200 1150
::1 - - [06/Jun/2019:18:43:17 +0000] "GET /sdev300/Lab3.php HTTP/1.1" 200 427
::1 - - [06/Jun/2019:18:43:26 +0000] "GET /sdev300/Lab3.php HTTP/1.1" 200 427
::1 - - [06/Jun/2019:18:43:36 +0000] "GET /sdev300/Lab3.php HTTP/1.1" 200 427
::1 - - [06/Jun/2019:18:44:13 +0000] "GET /sdev300/Lab3.php HTTP/1.1" 200 427
::1 - - [06/Jun/2019:18:44:21 +0000] "GET /sdev300/Lab3.php HTTP/1.1" 200 427
::1 - - [06/Jun/2019:18:44:21 +0000] "GET /favicon.ico HTTP/1.1" 200 1150
::1 - - [06/Jun/2019:18:46:08 +0000] "GET /sdev300/Lab3.php HTTP/1.1" 200 433
::1 - - [06/Jun/2019:18:47:10 +0000] "GET /sdev300/Lab3.php HTTP/1.1" 200 433
::1 - - [06/Jun/2019:18:49:36 +0000] "GET /sdev300/Lab3.php HTTP/1.1" 200 440
::1 - - [06/Jun/2019:18:52:56 +0000] "GET /sdev300/Lab3.php HTTP/1.1" 200 436
::1 - - [06/Jun/2019:18:53:43 +0000] "GET /sdev300/Lab3.php HTTP/1.1" 200 436
::1 - - [06/Jun/2019:18:53:48 +0000] "GET /sdev300/Lab3.php HTTP/1.1" 200 436
::1 - - [06/Jun/2019:18:54:09 +0000] "GET /sdev300/Lab3.php HTTP/1.1" 200 435
::1 - - [06/Jun/2019:18:54:48 +0000] "GET /sdev300/Lab3.php HTTP/1.1" 200 435
::1 - - [06/Jun/2019:18:55:05 +0000] "GET /sdev300/Lab3.php HTTP/1.1" 200 435
::1 - - [06/Jun/2019:19:00:14 +0000] "GET /sdev300/Lab3.php HTTP/1.1" 200 445
::1 - - [06/Jun/2019:19:00:53 +0000] "GET /sdev300/Lab3.php HTTP/1.1" 200 445
::1 - - [06/Jun/2019:19:01:04 +0000] "GET /sdev300/Lab3.php HTTP/1.1" 200 445
::1 - - [06/Jun/2019:19:01:46 +0000] "GET /sdev300/Lab3.php HTTP/1.1" 200 440
::1 - - [06/Jun/2019:19:07:05 +0000] "GET /sdev300/Lab3.php HTTP/1.1" 500 -
::1 - - [06/Jun/2019:19:08:26 +0000] "GET /sdev300/Lab3.php HTTP/1.1" 500 -
::1 - - [06/Jun/2019:19:08:30 +0000] "GET /sdev300/Lab3.php HTTP/1.1" 500 -
::1 - - [06/Jun/2019:19:08:30 +0000] "GET /favicon.ico HTTP/1.1" 200 1150
::1 - - [06/Jun/2019:19:10:26 +0000] "GET /sdev300/Lab3.php HTTP/1.1" 200 445
::1 - - [06/Jun/2019:19:11:05 +0000] "GET /sdev300/Lab3.php HTTP/1.1" 200 445
::1 - - [06/Jun/2019:19:11:12 +0000] "GET /sdev300/Lab3.php HTTP/1.1" 200 445
::1 - - [06/Jun/2019:19:11:12 +0000] "GET /favicon.ico HTTP/1.1" 200 1150
::1 - - [06/Jun/2019:19:11:33 +0000] "GET /sdev300/Lab3.php HTTP/1.1" 200 447
::1 - - [06/Jun/2019:19:13:22 +0000] "GET /sdev300/Lab3.php HTTP/1.1" 200 462
::1 - - [06/Jun/2019:19:14:26 +0000] "GET /sdev300/Lab3.php HTTP/1.1" 200 463
::1 - - [06/Jun/2019:19:15:15 +0000] "GET /sdev300/Lab3.php HTTP/1.1" 200 463
::1 - - [06/Jun/2019:19:15:20 +0000] "GET /sdev300/Lab3.php HTTP/1.1" 200 463
::1 - - [06/Jun/2019:19:16:11 +0000] "GET /sdev300/Lab3.php HTTP/1.1" 200 479
::1 - - [06/Jun/2019:19:16:28 +0000] "GET /sdev300/Lab3.php HTTP/1.1" 200 479
::1 - - [06/Jun/2019:19:16:50 +0000] "GET /sdev300/Lab3.php HTTP/1.1" 200 479
::1 - - [06/Jun/2019:19:16:53 +0000] "GET /sdev300/Lab3.php HTTP/1.1" 200 479
::1 - - [06/Jun/2019:19:17:09 +0000] "GET /sdev300/Lab3.php HTTP/1.1" 200 479
::1 - - [06/Jun/2019:19:17:31 +0000] "GET /sdev300/Lab3.php HTTP/1.1" 200 483
::1 - - [06/Jun/2019:19:17:59 +0000] "GET /sdev300/Lab3.php HTTP/1.1" 200 480
::1 - - [06/Jun/2019:19:18:03 +0000] "GET /sdev300/Lab3.php HTTP/1.1" 200 480
::1 - - [06/Jun/2019:19:24:09 +0000] "GET /sdev300/Lab3.php HTTP/1.1" 200 480
::1 - - [06/Jun/2019:19:30:10 +0000] "GET /sdev300/Lab3.php HTTP/1.1" 200 484
::1 - - [06/Jun/2019:19:37:50 +0000] "GET /sdev300/Lab3.php HTTP/1.1" 200 501
::1 - - [06/Jun/2019:19:39:11 +0000] "GET /sdev300/Lab3.php HTTP/1.1" 200 508
::1 - - [06/Jun/2019:19:40:18 +0000] "GET /sdev300/Lab3.php HTTP/1.1" 200 527
::1 - - [06/Jun/2019:19:43:58 +0000] "GET /sdev300/Lab3.php HTTP/1.1" 200 572
::1 - - [06/Jun/2019:19:46:35 +0000] "GET /sdev300/Lab3.php HTTP/1.1" 200 619
::1 - - [06/Jun/2019:19:47:38 +0000] "GET /sdev300/Lab3.php HTTP/1.1" 200 630
::1 - - [06/Jun/2019:19:48:03 +0000] "GET /sdev300/Lab3.php HTTP/1.1" 200 630
::1 - - [06/Jun/2019:19:48:34 +0000] "GET /sdev300/Lab3.php HTTP/1.1" 200 630
::1 - - [06/Jun/2019:19:48:42 +0000] "GET /sdev300/Lab3.php HTTP/1.1" 200 644
::1 - - [06/Jun/2019:19:48:42 +0000] "GET /favicon.ico HTTP/1.1" 200 1150
::1 - - [06/Jun/2019:19:53:38 +0000] "GET /sdev300/Lab3.php HTTP/1.1" 200 787
::1 - - [06/Jun/2019:19:55:27 +0000] "GET /sdev300/Lab3.php HTTP/1.1" 200 782
::1 - - [06/Jun/2019:19:56:03 +0000] "GET /sdev300/Lab3.php HTTP/1.1" 200 782
::1 - - [06/Jun/2019:20:14:35 +0000] "GET /sdev300/Lab3.php HTTP/1.1" 200 790
::1 - - [06/Jun/2019:20:16:07 +0000] "GET /sdev300/Lab3.php HTTP/1.1" 200 869
::1 - - [06/Jun/2019:20:24:19 +0000] "GET /sdev300/Lab3.php HTTP/1.1" 200 869
::1 - - [06/Jun/2019:20:24:31 +0000] "GET /sdev300/Lab3.php HTTP/1.1" 200 869
::1 - - [06/Jun/2019:20:30:43 +0000] "GET /sdev300/Lab3.php HTTP/1.1" 200 920
::1 - - [06/Jun/2019:20:36:14 +0000] "GET /sdev300/Lab3.php HTTP/1.1" 200 1047
::1 - - [06/Jun/2019:20:41:30 +0000] "GET /sdev300/Lab3.php HTTP/1.1" 200 1043
::1 - - [06/Jun/2019:20:44:18 +0000] "GET /sdev300/Lab3.php HTTP/1.1" 200 1049
::1 - - [06/Jun/2019:20:52:17 +0000] "GET /sdev300/Lab3.php HTTP/1.1" 200 703
::1 - - [06/Jun/2019:21:01:44 +0000] "GET /sdev300/Lab3.php HTTP/1.1" 200 702
::1 - - [06/Jun/2019:21:01:51 +0000] "GET /sdev300/Lab3.php HTTP/1.1" 200 702
::1 - - [06/Jun/2019:21:01:56 +0000] "GET /sdev300/Lab3.php HTTP/1.1" 200 702
::1 - - [06/Jun/2019:21:01:56 +0000] "GET /favicon.ico HTTP/1.1" 200 1150
::1 - - [06/Jun/2019:21:03:39 +0000] "GET /sdev300/Lab3.php HTTP/1.1" 200 730
::1 - - [06/Jun/2019:21:47:32 +0000] "GET /sdev300/Lab3.php HTTP/1.1" 500 -
::1 - - [06/Jun/2019:21:47:34 +0000] "GET /sdev300/Lab3.php HTTP/1.1" 500 -
::1 - - [06/Jun/2019:21:47:56 +0000] "GET /sdev300/Lab3.php HTTP/1.1" 200 495
::1 - - [06/Jun/2019:21:49:37 +0000] "GET /sdev300/Lab3.php HTTP/1.1" 500 -
::1 - - [06/Jun/2019:21:49:39 +0000] "GET /sdev300/Lab3.php HTTP/1.1" 500 -
::1 - - [06/Jun/2019:21:54:05 +0000] "GET /sdev300/Lab3.php HTTP/1.1" 200 689
::1 - - [06/Jun/2019:21:54:40 +0000] "GET /sdev300/Lab3.php HTTP/1.1" 200 689
::1 - - [06/Jun/2019:21:54:46 +0000] "GET /sdev300/Lab3.php HTTP/1.1" 200 689
::1 - - [06/Jun/2019:21:54:46 +0000] "GET /favicon.ico HTTP/1.1" 200 1150
::1 - - [06/Jun/2019:21:55:03 +0000] "GET /sdev300/Lab3.php HTTP/1.1" 200 689
::1 - - [06/Jun/2019:21:55:25 +0000] "GET /sdev300/Lab3.php HTTP/1.1" 200 545
::1 - - [06/Jun/2019:22:13:48 +0000] "GET /sdev300/Lab3.php HTTP/1.1" 500 -
::1 - - [06/Jun/2019:22:13:53 +0000] "GET /sdev300/Lab3.php HTTP/1.1" 500 -
::1 - - [06/Jun/2019:22:14:12 +0000] "GET /sdev300/Lab3.php HTTP/1.1" 500 -
::1 - - [06/Jun/2019:22:14:15 +0000] "GET /sdev300/Lab3.php HTTP/1.1" 500 -
::1 - - [06/Jun/2019:22:14:15 +0000] "GET /favicon.ico HTTP/1.1" 200 1150
::1 - - [06/Jun/2019:22:14:41 +0000] "GET /sdev300/Lab3.php HTTP/1.1" 200 545
::1 - - [06/Jun/2019:22:14:55 +0000] "GET /sdev300/Lab3.php HTTP/1.1" 200 545
::1 - - [06/Jun/2019:22:15:02 +0000] "GET /sdev300/Lab3.php HTTP/1.1" 200 545
::1 - - [06/Jun/2019:22:15:04 +0000] "GET /sdev300/Lab3.php HTTP/1.1" 200 545
::1 - - [06/Jun/2019:22:15:04 +0000] "GET /favicon.ico HTTP/1.1" 200 1150
::1 - - [06/Jun/2019:22:15:18 +0000] "GET /sdev300/Lab3.php HTTP/1.1" 200 545
::1 - - [06/Jun/2019:22:15:28 +0000] "GET /sdev300/Lab3.php HTTP/1.1" 200 545
::1 - - [06/Jun/2019:22:16:01 +0000] "GET /sdev300/Lab3.php HTTP/1.1" 200 567
::1 - - [06/Jun/2019:22:16:48 +0000] "GET /sdev300/Lab3.php HTTP/1.1" 200 567
::1 - - [06/Jun/2019:22:18:26 +0000] "GET /sdev300/Lab3.php HTTP/1.1" 500 -
::1 - - [06/Jun/2019:22:18:28 +0000] "GET /sdev300/Lab3.php HTTP/1.1" 500 -
::1 - - [06/Jun/2019:22:18:51 +0000] "GET /sdev300/Lab3.php HTTP/1.1" 500 -
::1 - - [06/Jun/2019:22:19:42 +0000] "GET /sdev300/Lab3.php HTTP/1.1" 500 -
::1 - - [06/Jun/2019:22:19:43 +0000] "GET /sdev300/Lab3.php HTTP/1.1" 500 -
::1 - - [06/Jun/2019:22:30:06 +0000] "GET /sdev300/Lab3.php HTTP/1.1" 500 -
::1 - - [06/Jun/2019:22:30:07 +0000] "GET /sdev300/Lab3.php HTTP/1.1" 500 -
::1 - - [06/Jun/2019:23:55:42 +0000] "GET /sdev300/Lab3.php HTTP/1.1" 200 536
::1 - - [06/Jun/2019:23:57:02 +0000] "GET /sdev300/Lab3.php HTTP/1.1" 500 -
::1 - - [06/Jun/2019:23:57:05 +0000] "GET /sdev300/Lab3.php HTTP/1.1" 500 -
::1 - - [06/Jun/2019:23:58:18 +0000] "GET /sdev300/Lab3.php HTTP/1.1" 200 546
::1 - - [06/Jun/2019:23:59:50 +0000] "GET /sdev300/Lab3.php HTTP/1.1" 500 -
::1 - - [06/Jun/2019:23:59:51 +0000] "GET /sdev300/Lab3.php HTTP/1.1" 500 -
::1 - - [07/Jun/2019:00:00:23 +0000] "GET /sdev300/Lab3.php HTTP/1.1" 500 -
::1 - - [07/Jun/2019:00:00:24 +0000] "GET /sdev300/Lab3.php HTTP/1.1" 500 -
::1 - - [07/Jun/2019:00:09:47 +0000] "GET /sdev300/Lab3.php HTTP/1.1" 200 534
::1 - - [07/Jun/2019:00:11:50 +0000] "GET /sdev300/Lab3.php HTTP/1.1" 500 -
::1 - - [07/Jun/2019:00:16:06 +0000] "GET /sdev300/Lab3.php HTTP/1.1" 200 540
::1 - - [07/Jun/2019:00:17:39 +0000] "GET /sdev300/Lab3.php HTTP/1.1" 200 550
::1 - - [07/Jun/2019:00:20:21 +0000] "GET /sdev300/Lab3.php HTTP/1.1" 200 727
::1 - - [07/Jun/2019:00:23:20 +0000] "GET /sdev300/Lab3.php HTTP/1.1" 200 732
::1 - - [07/Jun/2019:00:24:36 +0000] "GET /sdev300/Lab3.php HTTP/1.1" 200 756
::1 - - [07/Jun/2019:00:27:15 +0000] "GET /sdev300/Lab3.php HTTP/1.1" 200 737
::1 - - [07/Jun/2019:00:27:52 +0000] "GET /sdev300/Lab3.php HTTP/1.1" 200 737
::1 - - [07/Jun/2019:00:27:58 +0000] "GET /sdev300/Lab3.php HTTP/1.1" 200 737
::1 - - [07/Jun/2019:00:27:58 +0000] "GET /favicon.ico HTTP/1.1" 200 1150
::1 - - [07/Jun/2019:00:28:24 +0000] "GET /sdev300/Lab3.php HTTP/1.1" 200 722
::1 - - [07/Jun/2019:00:31:22 +0000] "GET /sdev300/Lab3.php HTTP/1.1" 200 727
::1 - - [07/Jun/2019:00:35:05 +0000] "GET /sdev300/Lab3.php HTTP/1.1" 200 727
::1 - - [07/Jun/2019:00:35:07 +0000] "GET /sdev300/Lab3.php HTTP/1.1" 200 727
::1 - - [07/Jun/2019:00:35:25 +0000] "GET /sdev300/Lab3.php HTTP/1.1" 200 727
::1 - - [07/Jun/2019:00:35:27 +0000] "GET /sdev300/Lab3.php HTTP/1.1" 200 727
::1 - - [07/Jun/2019:00:35:27 +0000] "GET /favicon.ico HTTP/1.1" 200 1150
::1 - - [07/Jun/2019:00:36:36 +0000] "GET /sdev300/Lab3.php HTTP/1.1" 200 742
::1 - - [07/Jun/2019:00:36:59 +0000] "GET /sdev300/Lab3.php HTTP/1.1" 200 744
::1 - - [07/Jun/2019:00:37:00 +0000] "GET /favicon.ico HTTP/1.1" 200 1150
::1 - - [07/Jun/2019:00:37:48 +0000] "GET /sdev300/Lab3.php HTTP/1.1" 200 744
::1 - - [07/Jun/2019:00:37:48 +0000] "GET /favicon.ico HTTP/1.1" 200 1150
::1 - - [07/Jun/2019:00:38:00 +0000] "GET /sdev300/Lab3.php HTTP/1.1" 200 746
::1 - - [07/Jun/2019:00:38:00 +0000] "GET /favicon.ico HTTP/1.1" 200 1150
::1 - - [07/Jun/2019:00:40:49 +0000] "GET /sdev300/Lab3.php HTTP/1.1" 200 783
::1 - - [07/Jun/2019:00:41:15 +0000] "GET /sdev300/Lab3.php HTTP/1.1" 200 794
::1 - - [07/Jun/2019:00:41:45 +0000] "GET /sdev300/Lab3.php HTTP/1.1" 200 798
::1 - - [07/Jun/2019:00:42:08 +0000] "GET /sdev300/Lab3.php HTTP/1.1" 200 795
::1 - - [07/Jun/2019:00:45:36 +0000] "GET /sdev300/Lab3.php HTTP/1.1" 200 808
::1 - - [07/Jun/2019:00:48:06 +0000] "GET /sdev300/Lab3.php HTTP/1.1" 500 -
::1 - - [07/Jun/2019:00:49:48 +0000] "GET /sdev300/Lab3.php HTTP/1.1" 500 -
::1 - - [07/Jun/2019:00:49:51 +0000] "GET /sdev300/Lab3.php HTTP/1.1" 500 -
::1 - - [07/Jun/2019:00:49:51 +0000] "GET /favicon.ico HTTP/1.1" 200 1150
::1 - - [07/Jun/2019:00:50:03 +0000] "GET /sdev300/Lab3.php HTTP/1.1" 500 -
::1 - - [07/Jun/2019:00:50:09 +0000] "GET /sdev300/Lab3.php HTTP/1.1" 500 -
::1 - - [07/Jun/2019:00:50:09 +0000] "GET /favicon.ico HTTP/1.1" 200 1150
::1 - - [07/Jun/2019:00:50:31 +0000] "GET /sdev300/Lab3.php HTTP/1.1" 200 810
::1 - - [07/Jun/2019:00:51:20 +0000] "GET /sdev300/Lab3.php HTTP/1.1" 200 810
::1 - - [07/Jun/2019:00:52:11 +0000] "GET /sdev300/Lab3.php HTTP/1.1" 200 814
::1 - - [07/Jun/2019:00:53:36 +0000] "GET /sdev300/Lab3.php HTTP/1.1" 200 817
::1 - - [07/Jun/2019:00:59:29 +0000] "GET /sdev300/Lab3.php HTTP/1.1" 200 812
::1 - - [07/Jun/2019:00:59:41 +0000] "GET /sdev300/Lab3.php HTTP/1.1" 200 812
::1 - - [07/Jun/2019:00:59:41 +0000] "GET /favicon.ico HTTP/1.1" 200 1150
::1 - - [07/Jun/2019:01:00:23 +0000] "GET /sdev300/Lab3.php HTTP/1.1" 200 812
::1 - - [07/Jun/2019:01:00:25 +0000] "GET /sdev300/Lab3.php HTTP/1.1" 200 812
::1 - - [07/Jun/2019:01:00:25 +0000] "GET /favicon.ico HTTP/1.1" 200 1150
::1 - - [07/Jun/2019:01:00:50 +0000] "GET /sdev300/Lab3.php HTTP/1.1" 200 814
::1 - - [07/Jun/2019:01:01:08 +0000] "GET /sdev300/Lab3.php HTTP/1.1" 200 814
::1 - - [07/Jun/2019:01:02:14 +0000] "GET /sdev300/Lab3.php HTTP/1.1" 500 -
::1 - - [07/Jun/2019:01:02:16 +0000] "GET /sdev300/Lab3.php HTTP/1.1" 500 -
::1 - - [07/Jun/2019:01:02:34 +0000] "GET /sdev300/Lab3.php HTTP/1.1" 200 812
::1 - - [07/Jun/2019:01:03:00 +0000] "GET /sdev300/Lab3.php HTTP/1.1" 200 812
::1 - - [07/Jun/2019:01:03:52 +0000] "GET /sdev300/Lab3.php HTTP/1.1" 200 811
::1 - - [07/Jun/2019:01:04:59 +0000] "GET /sdev300/Lab3.php HTTP/1.1" 200 810
::1 - - [07/Jun/2019:01:06:31 +0000] "GET /sdev300/Lab3.php HTTP/1.1" 200 811
::1 - - [07/Jun/2019:01:36:36 +0000] "GET /sdev300/Lab3.php HTTP/1.1" 200 806
::1 - - [07/Jun/2019:01:54:16 +0000] "GET /sdev300/Lab3.php HTTP/1.1" 500 -
::1 - - [07/Jun/2019:01:54:18 +0000] "GET /sdev300/Lab3.php HTTP/1.1" 500 -
::1 - - [07/Jun/2019:01:54:56 +0000] "GET /sdev300/Lab3.php HTTP/1.1" 200 850
::1 - - [07/Jun/2019:01:56:36 +0000] "GET /sdev300/Lab3.php HTTP/1.1" 200 884
::1 - - [07/Jun/2019:01:56:54 +0000] "GET /sdev300/Lab3.php HTTP/1.1" 200 885
::1 - - [07/Jun/2019:01:57:39 +0000] "GET /sdev300/Lab3.php HTTP/1.1" 200 891
::1 - - [07/Jun/2019:01:59:53 +0000] "GET /sdev300/Lab3.php HTTP/1.1" 200 945
::1 - - [07/Jun/2019:02:01:43 +0000] "GET /sdev300/Lab3.php HTTP/1.1" 200 942
::1 - - [07/Jun/2019:02:03:55 +0000] "GET /sdev300/Lab3.php HTTP/1.1" 200 998
::1 - - [07/Jun/2019:02:08:30 +0000] "GET /sdev300/Lab3.php HTTP/1.1" 200 1272
::1 - - [07/Jun/2019:02:08:45 +0000] "GET /sdev300/Lab3.php HTTP/1.1" 200 1272
::1 - - [07/Jun/2019:02:08:55 +0000] "GET /sdev300/Lab3.php HTTP/1.1" 200 1272
::1 - - [07/Jun/2019:02:08:55 +0000] "GET /favicon.ico HTTP/1.1" 200 1150
::1 - - [07/Jun/2019:02:09:08 +0000] "GET /sdev300/Lab3.php HTTP/1.1" 200 1272
::1 - - [07/Jun/2019:02:09:08 +0000] "GET /favicon.ico HTTP/1.1" 200 1150
::1 - - [07/Jun/2019:02:09:17 +0000] "GET /sdev300/week3php.php HTTP/1.1" 200 199
::1 - - [07/Jun/2019:02:09:22 +0000] "GET /sdev300/Lab3.php HTTP/1.1" 200 1272
::1 - - [07/Jun/2019:02:16:27 +0000] "GET /sdev300/Lab3.php HTTP/1.1" 200 1368
::1 - - [07/Jun/2019:02:19:07 +0000] "GET /sdev300/Lab3.php HTTP/1.1" 200 1407
::1 - - [07/Jun/2019:02:19:09 +0000] "GET /sdev300/Lab3.php HTTP/1.1" 200 1407
::1 - - [07/Jun/2019:02:19:09 +0000] "GET /favicon.ico HTTP/1.1" 200 1150
::1 - - [07/Jun/2019:02:23:51 +0000] "GET /sdev300/Lab3.php HTTP/1.1" 500 -
::1 - - [07/Jun/2019:02:23:53 +0000] "GET /sdev300/Lab3.php HTTP/1.1" 500 -
::1 - - [07/Jun/2019:02:24:11 +0000] "GET /sdev300/Lab3.php HTTP/1.1" 200 1442
::1 - - [07/Jun/2019:02:25:23 +0000] "GET /sdev300/Lab3.php HTTP/1.1" 200 1442
::1 - - [07/Jun/2019:02:27:47 +0000] "GET /sdev300/Lab3.php HTTP/1.1" 200 1676
::1 - - [07/Jun/2019:02:30:23 +0000] "GET /sdev300/Lab3.php HTTP/1.1" 200 1677
::1 - - [07/Jun/2019:02:30:28 +0000] "GET /sdev300/Lab3.php HTTP/1.1" 200 1674
::1 - - [07/Jun/2019:03:44:11 +0000] "GET /sdev300/Lab3.php HTTP/1.1" 200 1451
::1 - - [07/Jun/2019:04:04:54 +0000] "GET /sdev300/Lab3.php HTTP/1.1" 200 1451
::1 - - [07/Jun/2019:04:04:55 +0000] "GET /sdev300/Lab3.php HTTP/1.1" 200 1451
::1 - - [07/Jun/2019:04:07:31 +0000] "GET /sdev300/Lab3.php HTTP/1.1" 200 1447
::1 - - [07/Jun/2019:04:08:51 +0000] "GET /sdev300/Lab3.php HTTP/1.1" 200 1447
::1 - - [07/Jun/2019:04:08:52 +0000] "GET /sdev300/Lab3.php HTTP/1.1" 200 1447
::1 - - [07/Jun/2019:04:10:08 +0000] "GET /sdev300/Lab3.php HTTP/1.1" 200 1455
::1 - - [07/Jun/2019:04:10:10 +0000] "GET /sdev300/Lab3.php HTTP/1.1" 200 1455
::1 - - [07/Jun/2019:04:10:36 +0000] "GET /sdev300/Lab3.php HTTP/1.1" 200 1455
::1 - - [07/Jun/2019:04:10:37 +0000] "GET /sdev300/Lab3.php HTTP/1.1" 200 1455
::1 - - [07/Jun/2019:04:12:08 +0000] "GET /sdev300/Lab3.php HTTP/1.1" 200 1324
::1 - - [07/Jun/2019:04:12:14 +0000] "GET /sdev300/Lab3.php HTTP/1.1" 200 1324
::1 - - [07/Jun/2019:04:12:14 +0000] "GET /favicon.ico HTTP/1.1" 200 1150
::1 - - [07/Jun/2019:04:12:34 +0000] "GET /sdev300/Lab3.php HTTP/1.1" 200 1324
::1 - - [07/Jun/2019:04:12:36 +0000] "GET /sdev300/Lab3.php HTTP/1.1" 200 1324
::1 - - [07/Jun/2019:04:12:55 +0000] "GET /sdev300/Lab3.php HTTP/1.1" 200 1324
::1 - - [07/Jun/2019:04:12:58 +0000] "GET /sdev300/Lab3.php HTTP/1.1" 200 1324
::1 - - [07/Jun/2019:04:12:58 +0000] "GET /favicon.ico HTTP/1.1" 200 1150
::1 - - [07/Jun/2019:04:15:37 +0000] "GET /sdev300/Lab3.php HTTP/1.1" 500 -
::1 - - [07/Jun/2019:04:15:39 +0000] "GET /sdev300/Lab3.php HTTP/1.1" 500 -
::1 - - [07/Jun/2019:04:16:02 +0000] "GET /sdev300/Lab3.php HTTP/1.1" 200 1455
::1 - - [07/Jun/2019:04:16:51 +0000] "GET /sdev300/Lab3.php HTTP/1.1" 200 1455
::1 - - [07/Jun/2019:04:17:12 +0000] "GET /sdev300/Lab3.php HTTP/1.1" 200 1447
::1 - - [07/Jun/2019:04:17:15 +0000] "GET /sdev300/Lab3.php HTTP/1.1" 200 1447
::1 - - [07/Jun/2019:04:17:15 +0000] "GET /favicon.ico HTTP/1.1" 200 1150
::1 - - [07/Jun/2019:04:17:44 +0000] "GET /sdev300/Lab3.php HTTP/1.1" 200 1447
::1 - - [07/Jun/2019:04:18:49 +0000] "GET /sdev300/Lab3.php HTTP/1.1" 200 1452
::1 - - [07/Jun/2019:04:32:16 +0000] "GET /sdev300/Lab3.php HTTP/1.1" 500 -
::1 - - [07/Jun/2019:04:32:18 +0000] "GET /sdev300/Lab3.php HTTP/1.1" 500 -
::1 - - [07/Jun/2019:04:32:34 +0000] "GET /sdev300/Lab3.php HTTP/1.1" 500 -
::1 - - [07/Jun/2019:04:34:27 +0000] "GET /sdev300/Lab3.php HTTP/1.1" 200 1543
::1 - - [07/Jun/2019:04:35:18 +0000] "GET /sdev300/Lab3.php HTTP/1.1" 200 1538
::1 - - [07/Jun/2019:04:35:25 +0000] "GET /sdev300/Lab3.php HTTP/1.1" 200 1539
::1 - - [07/Jun/2019:04:35:27 +0000] "GET /sdev300/Lab3.php HTTP/1.1" 200 1541
::1 - - [07/Jun/2019:04:35:28 +0000] "GET /sdev300/Lab3.php HTTP/1.1" 200 1648
::1 - - [07/Jun/2019:04:35:31 +0000] "GET /sdev300/Lab3.php HTTP/1.1" 200 1646
::1 - - [07/Jun/2019:04:35:32 +0000] "GET /sdev300/Lab3.php HTTP/1.1" 200 1643
::1 - - [07/Jun/2019:04:35:33 +0000] "GET /sdev300/Lab3.php HTTP/1.1" 200 1645
::1 - - [07/Jun/2019:04:35:34 +0000] "GET /sdev300/Lab3.php HTTP/1.1" 200 1644
::1 - - [07/Jun/2019:04:36:43 +0000] "GET /sdev300/Lab3.php HTTP/1.1" 200 1666
::1 - - [07/Jun/2019:04:37:07 +0000] "GET /sdev300/Lab3.php HTTP/1.1" 200 1667
::1 - - [07/Jun/2019:04:37:08 +0000] "GET /sdev300/Lab3.php HTTP/1.1" 200 1660
::1 - - [07/Jun/2019:04:37:09 +0000] "GET /sdev300/Lab3.php HTTP/1.1" 200 1663
::1 - - [07/Jun/2019:04:37:10 +0000] "GET /sdev300/Lab3.php HTTP/1.1" 200 1670
::1 - - [07/Jun/2019:04:37:23 +0000] "GET /sdev300/Lab3.php HTTP/1.1" 200 1661
::1 - - [07/Jun/2019:04:38:47 +0000] "GET /sdev300/Lab3.php HTTP/1.1" 200 1621
::1 - - [07/Jun/2019:04:42:20 +0000] "GET /sdev300/Lab3.php HTTP/1.1" 200 1634
::1 - - [07/Jun/2019:04:44:27 +0000] "GET /sdev300/Lab3.php HTTP/1.1" 200 1653
::1 - - [07/Jun/2019:04:44:33 +0000] "GET /sdev300/Lab3.php HTTP/1.1" 200 1652
::1 - - [07/Jun/2019:04:44:34 +0000] "GET /sdev300/Lab3.php HTTP/1.1" 200 1651
::1 - - [07/Jun/2019:04:44:35 +0000] "GET /sdev300/Lab3.php HTTP/1.1" 200 1650
::1 - - [07/Jun/2019:04:44:50 +0000] "GET /sdev300/Lab3.php HTTP/1.1" 200 1643
::1 - - [07/Jun/2019:04:44:52 +0000] "GET /sdev300/Lab3.php HTTP/1.1" 200 1649
::1 - - [07/Jun/2019:04:44:53 +0000] "GET /sdev300/Lab3.php HTTP/1.1" 200 1652
::1 - - [07/Jun/2019:04:44:54 +0000] "GET /sdev300/Lab3.php HTTP/1.1" 200 1647
::1 - - [07/Jun/2019:04:45:50 +0000] "GET /sdev300/Lab3.php HTTP/1.1" 200 1658
::1 - - [07/Jun/2019:04:50:13 +0000] "GET /sdev300/Lab3.php HTTP/1.1" 200 1664
::1 - - [07/Jun/2019:04:50:14 +0000] "GET /sdev300/Lab3.php HTTP/1.1" 200 1661
::1 - - [07/Jun/2019:04:54:49 +0000] "GET /sdev300/Lab3.php HTTP/1.1" 200 1659
::1 - - [07/Jun/2019:04:54:54 +0000] "GET /sdev300/Lab3.php HTTP/1.1" 200 1659
::1 - - [07/Jun/2019:04:54:55 +0000] "GET /sdev300/Lab3.php HTTP/1.1" 200 1668
::1 - - [07/Jun/2019:04:54:56 +0000] "GET /sdev300/Lab3.php HTTP/1.1" 200 1662
::1 - - [07/Jun/2019:04:54:58 +0000] "GET /sdev300/Lab3.php HTTP/1.1" 200 1658
::1 - - [07/Jun/2019:04:55:12 +0000] "GET /sdev300/Lab3.php HTTP/1.1" 200 1662
::1 - - [07/Jun/2019:04:55:19 +0000] "GET /sdev300/Lab3.php HTTP/1.1" 200 1665
::1 - - [07/Jun/2019:04:55:19 +0000] "GET /favicon.ico HTTP/1.1" 200 1150
::1 - - [07/Jun/2019:04:55:45 +0000] "GET /sdev300/Lab3.php HTTP/1.1" 200 1660
::1 - - [07/Jun/2019:04:55:49 +0000] "GET /sdev300/week3PHP.php HTTP/1.1" 200 199
::1 - - [07/Jun/2019:04:56:23 +0000] "GET /sdev300/Lab3.php HTTP/1.1" 200 1654
::1 - - [07/Jun/2019:05:07:31 +0000] "GET /sdev300/Lab3.php HTTP/1.1" 200 1649
::1 - - [07/Jun/2019:05:07:33 +0000] "GET /sdev300/Lab3.php HTTP/1.1" 200 1646
::1 - - [07/Jun/2019:12:40:55 +0000] "GET /sdev300/Lab3.php HTTP/1.1" 200 1683
::1 - - [07/Jun/2019:12:41:24 +0000] "GET /sdev300/Lab3.php HTTP/1.1" 200 1690
::1 - - [07/Jun/2019:12:41:30 +0000] "GET /sdev300/Lab3.php HTTP/1.1" 200 1688
::1 - - [07/Jun/2019:12:41:32 +0000] "GET /sdev300/Lab3.php HTTP/1.1" 200 1682
::1 - - [07/Jun/2019:12:41:54 +0000] "GET /sdev300/Lab3.php HTTP/1.1" 200 1684
::1 - - [07/Jun/2019:12:41:58 +0000] "GET /sdev300/Lab3.php HTTP/1.1" 200 1686
::1 - - [07/Jun/2019:12:41:58 +0000] "GET /favicon.ico HTTP/1.1" 200 1150
::1 - - [07/Jun/2019:12:48:16 +0000] "GET /sdev300/Lab3.php HTTP/1.1" 500 -
::1 - - [07/Jun/2019:12:48:18 +0000] "GET /sdev300/Lab3.php HTTP/1.1" 500 -
::1 - - [07/Jun/2019:12:49:23 +0000] "GET /sdev300/Lab3.php HTTP/1.1" 200 1751
::1 - - [07/Jun/2019:13:50:48 +0000] "GET /sdev300/Lab3.php HTTP/1.1" 200 1723
::1 - - [07/Jun/2019:13:50:50 +0000] "GET /sdev300/Lab3.php HTTP/1.1" 200 1725
::1 - - [07/Jun/2019:13:50:50 +0000] "GET /favicon.ico HTTP/1.1" 200 1150
::1 - - [07/Jun/2019:13:50:52 +0000] "GET /sdev300/Lab3.php HTTP/1.1" 200 1722
::1 - - [07/Jun/2019:13:50:52 +0000] "GET /favicon.ico HTTP/1.1" 200 1150
::1 - - [07/Jun/2019:13:50:53 +0000] "GET /sdev300/Lab3.php HTTP/1.1" 200 1722
::1 - - [07/Jun/2019:13:50:53 +0000] "GET /favicon.ico HTTP/1.1" 200 1150
::1 - - [07/Jun/2019:13:50:54 +0000] "GET /sdev300/Lab3.php HTTP/1.1" 200 1721
::1 - - [07/Jun/2019:13:50:54 +0000] "GET /favicon.ico HTTP/1.1" 200 1150
::1 - - [07/Jun/2019:13:50:55 +0000] "GET /sdev300/Lab3.php HTTP/1.1" 200 1723
::1 - - [07/Jun/2019:13:50:55 +0000] "GET /favicon.ico HTTP/1.1" 200 1150
::1 - - [07/Jun/2019:13:54:14 +0000] "GET /sdev300/Lab3.php HTTP/1.1" 200 1721
::1 - - [07/Jun/2019:13:54:17 +0000] "GET /sdev300/Lab3.php HTTP/1.1" 200 1730
::1 - - [07/Jun/2019:13:54:21 +0000] "GET /sdev300/Lab3.php HTTP/1.1" 200 1724
::1 - - [07/Jun/2019:15:18:47 +0000] "GET /sdev300/Lab3.php HTTP/1.1" 200 1718
::1 - - [07/Jun/2019:15:19:21 +0000] "GET /sdev300/Lab3.php HTTP/1.1" 200 1718
::1 - - [07/Jun/2019:15:19:37 +0000] "GET /sdev300/Lab3.php HTTP/1.1" 200 1723
::1 - - [07/Jun/2019:15:19:38 +0000] "GET /sdev300/Lab3.php HTTP/1.1" 200 1715
::1 - - [07/Jun/2019:15:19:39 +0000] "GET /sdev300/Lab3.php HTTP/1.1" 200 1717
::1 - - [07/Jun/2019:15:20:15 +0000] "GET /sdev300/Lab3.php HTTP/1.1" 200 1714
::1 - - [07/Jun/2019:15:20:17 +0000] "GET /sdev300/Lab3.php HTTP/1.1" 200 1716
::1 - - [07/Jun/2019:15:20:18 +0000] "GET /sdev300/Lab3.php HTTP/1.1" 200 1718
::1 - - [07/Jun/2019:15:20:20 +0000] "GET /sdev300/Lab3.php HTTP/1.1" 200 1722
::1 - - [07/Jun/2019:15:23:20 +0000] "GET /sdev300/Lab3.php HTTP/1.1" 200 1499
::1 - - [07/Jun/2019:15:26:44 +0000] "GET /sdev300/Lab3.php HTTP/1.1" 200 1801
::1 - - [07/Jun/2019:15:28:53 +0000] "GET /sdev300/Lab3.php HTTP/1.1" 200 1721
::1 - - [07/Jun/2019:15:29:00 +0000] "GET /sdev300/Lab3.php HTTP/1.1" 200 1716
::1 - - [07/Jun/2019:15:29:02 +0000] "GET /sdev300/Lab3.php HTTP/1.1" 200 1714
::1 - - [07/Jun/2019:15:57:38 +0000] "GET /sdev300/Lab3.php HTTP/1.1" 200 1723
::1 - - [07/Jun/2019:16:28:14 +0000] "GET /sdev300/Lab3.php HTTP/1.1" 200 1197
::1 - - [07/Jun/2019:17:11:41 +0000] "GET /sdev300/Lab3.php HTTP/1.1" 200 1197
::1 - - [07/Jun/2019:17:52:29 +0000] "GET /sdev300/Lab3.php HTTP/1.1" 200 1755
::1 - - [07/Jun/2019:17:52:55 +0000] "GET /sdev300/Lab3.php HTTP/1.1" 200 1752
::1 - - [07/Jun/2019:17:52:57 +0000] "GET /sdev300/Lab3.php HTTP/1.1" 200 1756
::1 - - [07/Jun/2019:17:54:36 +0000] "GET /sdev300/Lab3.php HTTP/1.1" 200 1737
::1 - - [07/Jun/2019:17:54:53 +0000] "GET /sdev300/Lab3.php HTTP/1.1" 200 1736
::1 - - [07/Jun/2019:17:54:54 +0000] "GET /sdev300/Lab3.php HTTP/1.1" 200 1739
::1 - - [07/Jun/2019:21:08:38 +0000] "GET /sdev300/Lab3.php HTTP/1.1" 200 1747
::1 - - [07/Jun/2019:21:09:04 +0000] "GET /sdev300/Lab3.php HTTP/1.1" 200 1750
::1 - - [07/Jun/2019:21:09:53 +0000] "GET /sdev300/Lab3.php HTTP/1.1" 200 1731
::1 - - [07/Jun/2019:21:12:10 +0000] "GET /sdev300/Lab3.php HTTP/1.1" 200 1734
